"../../../Engine/Content/EngineMaterials/T_Default_Material_Grid_N.uasset" 0
"../../../Engine/Content/EngineMaterials/T_Default_Material_Grid_N.uexp" 1
"../../../Engine/Content/EngineMaterials/T_Default_Material_Grid_N.ubulk" 2
"../../../Engine/Content/EngineMaterials/T_Default_Material_Grid_M.uasset" 3
"../../../Engine/Content/EngineMaterials/T_Default_Material_Grid_M.uexp" 4
"../../../Engine/Content/EngineMaterials/T_Default_Material_Grid_M.ubulk" 5
"../../../Engine/Content/Functions/Engine_MaterialFunctions01/Opacity/CameraDepthFade.uasset" 6
"../../../Engine/Content/Functions/Engine_MaterialFunctions01/Opacity/CameraDepthFade.uexp" 7
"../../../Engine/Content/EngineMaterials/WorldGridMaterial.uasset" 8
"../../../Engine/Content/EngineMaterials/WorldGridMaterial.uexp" 9
"../../../Engine/Content/ArtTools/RenderToTexture/Meshes/S_1_Unit_Plane.uasset" 10
"../../../Engine/Content/ArtTools/RenderToTexture/Meshes/S_1_Unit_Plane.uexp" 11
"../../../Engine/Content/EngineMaterials/DefaultMaterial.uasset" 12
"../../../Engine/Content/EngineMaterials/DefaultMaterial.uexp" 13
"../../../Engine/Content/BasicShapes/Cone.uasset" 14
"../../../Engine/Content/BasicShapes/Cone.uexp" 15
"../../../Engine/Content/BasicShapes/Plane.uasset" 16
"../../../Engine/Content/BasicShapes/Plane.uexp" 17
"../../../Engine/Content/BasicShapes/Sphere.uasset" 18
"../../../Engine/Content/BasicShapes/Sphere.uexp" 19
"../../../Engine/Content/EditorLandscapeResources/DataLayer.uasset" 20
"../../../Engine/Content/EditorLandscapeResources/DataLayer.uexp" 21
"../../../Engine/Content/EditorLandscapeResources/DefaultAlphaTexture.uasset" 22
"../../../Engine/Content/EditorLandscapeResources/DefaultAlphaTexture.uexp" 23
"../../../Engine/Content/EditorMaterials/MAT_Groups_Toggle.uasset" 24
"../../../Engine/Content/EditorMaterials/MAT_Groups_Toggle.uexp" 25
"../../../Engine/Content/EditorMaterials/MAT_Groups_Visibility.uasset" 26
"../../../Engine/Content/EditorMaterials/MAT_Groups_Visibility.uexp" 27
"../../../Engine/Content/EditorMaterials/PreviewShadowIndicator.uasset" 28
"../../../Engine/Content/EditorMaterials/PreviewShadowIndicator.uexp" 29
"../../../Engine/Content/EditorMaterials/PreviewShadowIndicator.ubulk" 30
"../../../Engine/Content/EditorMaterials/PreviewShadowIndicatorMaterial.uasset" 31
"../../../Engine/Content/EditorMaterials/PreviewShadowIndicatorMaterial.uexp" 32
"../../../Engine/Content/EditorMaterials/MatineeGroups/MAT_ColorTrack.uasset" 33
"../../../Engine/Content/EditorMaterials/MatineeGroups/MAT_ColorTrack.uexp" 34
"../../../Engine/Content/EditorMaterials/MatineeGroups/MAT_Groups_Anim.uasset" 35
"../../../Engine/Content/EditorMaterials/MatineeGroups/MAT_Groups_Anim.uexp" 36
"../../../Engine/Content/EditorMaterials/MatineeGroups/MAT_Groups_AudioMaster.uasset" 37
"../../../Engine/Content/EditorMaterials/MatineeGroups/MAT_Groups_AudioMaster.uexp" 38
"../../../Engine/Content/EditorMaterials/MatineeGroups/MAT_Groups_Director.uasset" 39
"../../../Engine/Content/EditorMaterials/MatineeGroups/MAT_Groups_Director.uexp" 40
"../../../Engine/Content/EditorMaterials/MatineeGroups/MAT_Groups_Event.uasset" 41
"../../../Engine/Content/EditorMaterials/MatineeGroups/MAT_Groups_Event.uexp" 42
"../../../Engine/Content/EditorMaterials/MatineeGroups/MAT_Groups_Fade.uasset" 43
"../../../Engine/Content/EditorMaterials/MatineeGroups/MAT_Groups_Fade.uexp" 44
"../../../Engine/Content/EditorMaterials/MatineeGroups/MAT_Groups_Float.uasset" 45
"../../../Engine/Content/EditorMaterials/MatineeGroups/MAT_Groups_Float.uexp" 46
"../../../Engine/Content/EditorMaterials/MatineeGroups/MAT_Groups_Move.uasset" 47
"../../../Engine/Content/EditorMaterials/MatineeGroups/MAT_Groups_Move.uexp" 48
"../../../Engine/Content/EditorMaterials/MatineeGroups/MAT_Groups_Slomo.uasset" 49
"../../../Engine/Content/EditorMaterials/MatineeGroups/MAT_Groups_Slomo.uexp" 50
"../../../Engine/Content/EditorMaterials/MatineeGroups/MAT_Groups_Sound.uasset" 51
"../../../Engine/Content/EditorMaterials/MatineeGroups/MAT_Groups_Sound.uexp" 52
"../../../Engine/Content/EditorMaterials/MatineeGroups/MAT_Groups_Vector.uasset" 53
"../../../Engine/Content/EditorMaterials/MatineeGroups/MAT_Groups_Vector.uexp" 54
"../../../Engine/Content/EditorMaterials/ParticleSystems/PSysThumbnail_NoImage.uasset" 55
"../../../Engine/Content/EditorMaterials/ParticleSystems/PSysThumbnail_NoImage.uexp" 56
"../../../Engine/Content/EditorMaterials/ParticleSystems/PSysThumbnail_NoImage.ubulk" 57
"../../../Engine/Content/EditorMaterials/ParticleSystems/PSysThumbnail_OOD.uasset" 58
"../../../Engine/Content/EditorMaterials/ParticleSystems/PSysThumbnail_OOD.uexp" 59
"../../../Engine/Content/EditorMaterials/ParticleSystems/PSysThumbnail_OOD.ubulk" 60
"../../../Engine/Content/EditorMaterials/Camera/CineMat.uasset" 61
"../../../Engine/Content/EditorMaterials/Camera/CineMat.uexp" 62
"../../../Engine/Content/EditorMaterials/Camera/MI_CineMat_Rig.uasset" 63
"../../../Engine/Content/EditorMaterials/Camera/MI_CineMat_Rig.uexp" 64
"../../../Engine/Content/EditorMeshes/Camera/SM_CraneRig_Arm.uasset" 65
"../../../Engine/Content/EditorMeshes/Camera/SM_CraneRig_Arm.uexp" 66
"../../../Engine/Content/EditorMeshes/Camera/SM_CraneRig_Base.uasset" 67
"../../../Engine/Content/EditorMeshes/Camera/SM_CraneRig_Base.uexp" 68
"../../../Engine/Content/EditorMeshes/Camera/SM_CraneRig_Body.uasset" 69
"../../../Engine/Content/EditorMeshes/Camera/SM_CraneRig_Body.uexp" 70
"../../../Engine/Content/EditorMeshes/Camera/SM_CraneRig_Mount.uasset" 71
"../../../Engine/Content/EditorMeshes/Camera/SM_CraneRig_Mount.uexp" 72
"../../../Engine/Content/EditorMeshes/Camera/SM_RailRig_Mount.uasset" 73
"../../../Engine/Content/EditorMeshes/Camera/SM_RailRig_Mount.uexp" 74
"../../../Engine/Content/EditorMeshes/Camera/SM_RailRig_Track.uasset" 75
"../../../Engine/Content/EditorMeshes/Camera/SM_RailRig_Track.uexp" 76
"../../../Engine/Content/EditorResources/BSPVertex.uasset" 77
"../../../Engine/Content/EditorResources/BSPVertex.uexp" 78
"../../../Engine/Content/EditorResources/EmptyActor.uasset" 79
"../../../Engine/Content/EditorResources/EmptyActor.uexp" 80
"../../../Engine/Content/EditorResources/S_Actor.uasset" 81
"../../../Engine/Content/EditorResources/S_Actor.uexp" 82
"../../../Engine/Content/EditorResources/S_Actor.ubulk" 83
"../../../Engine/Content/EditorResources/S_KBSJoint.uasset" 84
"../../../Engine/Content/EditorResources/S_KBSJoint.uexp" 85
"../../../Engine/Content/EditorResources/S_KBSJoint.ubulk" 86
"../../../Engine/Content/EditorResources/S_Note.uasset" 87
"../../../Engine/Content/EditorResources/S_Note.uexp" 88
"../../../Engine/Content/EditorResources/S_Note.ubulk" 89
"../../../Engine/Content/EditorResources/S_Solver.uasset" 90
"../../../Engine/Content/EditorResources/S_Solver.uexp" 91
"../../../Engine/Content/EditorResources/S_Solver.ubulk" 92
"../../../Engine/Content/EditorResources/S_Terrain.uasset" 93
"../../../Engine/Content/EditorResources/S_Terrain.uexp" 94
"../../../Engine/Content/EditorResources/S_Terrain.ubulk" 95
"../../../Engine/Content/EditorResources/S_Trigger.uasset" 96
"../../../Engine/Content/EditorResources/S_Trigger.uexp" 97
"../../../Engine/Content/EditorResources/S_Trigger.ubulk" 98
"../../../Engine/Content/EditorResources/AudioIcons/S_AudioComponent.uasset" 99
"../../../Engine/Content/EditorResources/AudioIcons/S_AudioComponent.uexp" 100
"../../../Engine/Content/EditorResources/AudioIcons/S_AudioComponent.ubulk" 101
"../../../Engine/Content/EditorResources/AudioIcons/S_AudioComponent_AutoActivate.uasset" 102
"../../../Engine/Content/EditorResources/AudioIcons/S_AudioComponent_AutoActivate.uexp" 103
"../../../Engine/Content/EditorResources/AudioIcons/S_AudioComponent_AutoActivate.ubulk" 104
"../../../Engine/Content/EditorResources/LightIcons/S_LightError.uasset" 105
"../../../Engine/Content/EditorResources/LightIcons/S_LightError.uexp" 106
"../../../Engine/Content/EditorResources/SequenceRecorder/Countdown.uasset" 107
"../../../Engine/Content/EditorResources/SequenceRecorder/Countdown.uexp" 108
"../../../Engine/Content/EditorResources/SequenceRecorder/RecordingIndicator.uasset" 109
"../../../Engine/Content/EditorResources/SequenceRecorder/RecordingIndicator.uexp" 110
"../../../Engine/Content/EngineDamageTypes/DmgTypeBP_Environmental.uasset" 111
"../../../Engine/Content/EngineDamageTypes/DmgTypeBP_Environmental.uexp" 112
"../../../Engine/Content/EngineDebugMaterials/DebugEditorMaterial.uasset" 113
"../../../Engine/Content/EngineDebugMaterials/DebugEditorMaterial.uexp" 114
"../../../Engine/Content/EngineDebugMaterials/DebugMeshMaterial.uasset" 115
"../../../Engine/Content/EngineDebugMaterials/DebugMeshMaterial.uexp" 116
"../../../Engine/Content/EngineDebugMaterials/M_SimpleUnlitTranslucent.uasset" 117
"../../../Engine/Content/EngineDebugMaterials/M_SimpleUnlitTranslucent.uexp" 118
"../../../Engine/Content/EngineDebugMaterials/VolumeToRender.uasset" 119
"../../../Engine/Content/EngineDebugMaterials/VolumeToRender.uexp" 120
"../../../Engine/Content/Functions/Engine_MaterialFunctions02/Utility/CameraDirectionVector.uasset" 121
"../../../Engine/Content/Functions/Engine_MaterialFunctions02/Utility/CameraDirectionVector.uexp" 122
"../../../Engine/Content/EngineDebugMaterials/M_VolumeRenderSphereTracePP.uasset" 123
"../../../Engine/Content/EngineDebugMaterials/M_VolumeRenderSphereTracePP.uexp" 124
"../../../Engine/Content/Functions/Engine_MaterialFunctions01/Shading/ConvertFromDiffSpec.uasset" 125
"../../../Engine/Content/Functions/Engine_MaterialFunctions01/Shading/ConvertFromDiffSpec.uexp" 126
"../../../Engine/Content/EngineDebugMaterials/VertexColorMaterial.uasset" 127
"../../../Engine/Content/EngineDebugMaterials/VertexColorMaterial.uexp" 128
"../../../Engine/Content/EngineDebugMaterials/WireframeMaterial.uasset" 129
"../../../Engine/Content/EngineDebugMaterials/WireframeMaterial.uexp" 130
"../../../Engine/Content/EngineFonts/Faces/RobotoRegular.uasset" 131
"../../../Engine/Content/EngineFonts/Faces/RobotoRegular.uexp" 132
"../../../Engine/Content/EngineFonts/Faces/RobotoRegular.ufont" 133
"../../../Engine/Content/EngineFonts/Faces/RobotoLight.uasset" 134
"../../../Engine/Content/EngineFonts/Faces/RobotoLight.uexp" 135
"../../../Engine/Content/EngineFonts/Faces/RobotoLight.ufont" 136
"../../../Engine/Content/EngineFonts/Faces/RobotoItalic.uasset" 137
"../../../Engine/Content/EngineFonts/Faces/RobotoItalic.uexp" 138
"../../../Engine/Content/EngineFonts/Faces/RobotoItalic.ufont" 139
"../../../Engine/Content/EngineFonts/Faces/RobotoBoldItalic.uasset" 140
"../../../Engine/Content/EngineFonts/Faces/RobotoBoldItalic.uexp" 141
"../../../Engine/Content/EngineFonts/Faces/RobotoBoldItalic.ufont" 142
"../../../Engine/Content/EngineFonts/Faces/RobotoBold.uasset" 143
"../../../Engine/Content/EngineFonts/Faces/RobotoBold.uexp" 144
"../../../Engine/Content/EngineFonts/Faces/RobotoBold.ufont" 145
"../../../Engine/Content/EngineFonts/Faces/DroidSansFallback.uasset" 146
"../../../Engine/Content/EngineFonts/Faces/DroidSansFallback.uexp" 147
"../../../Engine/Content/EngineFonts/Faces/DroidSansFallback.ufont" 148
"../../../Engine/Content/EngineFonts/Roboto.uasset" 149
"../../../Engine/Content/EngineFonts/Roboto.uexp" 150
"../../../Engine/Content/EngineMaterials/BaseFlattenNormalMap.uasset" 151
"../../../Engine/Content/EngineMaterials/BaseFlattenNormalMap.uexp" 152
"../../../Engine/Content/EngineMaterials/BaseFlattenGrayscaleMap.uasset" 153
"../../../Engine/Content/EngineMaterials/BaseFlattenGrayscaleMap.uexp" 154
"../../../Engine/Content/EngineMaterials/BaseFlattenEmissiveMap.uasset" 155
"../../../Engine/Content/EngineMaterials/BaseFlattenEmissiveMap.uexp" 156
"../../../Engine/Content/EngineMaterials/BaseFlattenDiffuseMap.uasset" 157
"../../../Engine/Content/EngineMaterials/BaseFlattenDiffuseMap.uexp" 158
"../../../Engine/Content/EngineMaterials/BaseFlattenMaterial.uasset" 159
"../../../Engine/Content/EngineMaterials/BaseFlattenMaterial.uexp" 160
"../../../Engine/Content/EngineMaterials/BlueNoise.uasset" 161
"../../../Engine/Content/EngineMaterials/BlueNoise.uexp" 162
"../../../Engine/Content/EngineMaterials/DefaultBloomKernel.uasset" 163
"../../../Engine/Content/EngineMaterials/DefaultBloomKernel.uexp" 164
"../../../Engine/Content/EngineMaterials/DefaultBokeh.uasset" 165
"../../../Engine/Content/EngineMaterials/DefaultBokeh.uexp" 166
"../../../Engine/Content/EngineMaterials/DefaultDiffuse.uasset" 167
"../../../Engine/Content/EngineMaterials/DefaultDiffuse.uexp" 168
"../../../Engine/Content/EngineMaterials/DefaultDiffuse.ubulk" 169
"../../../Engine/Content/EngineMaterials/DefaultDeferredDecalMaterial.uasset" 170
"../../../Engine/Content/EngineMaterials/DefaultDeferredDecalMaterial.uexp" 171
"../../../Engine/Content/EngineMaterials/DefaultLightFunctionMaterial.uasset" 172
"../../../Engine/Content/EngineMaterials/DefaultLightFunctionMaterial.uexp" 173
"../../../Engine/Content/EngineMaterials/DefaultPhysicalMaterial.uasset" 174
"../../../Engine/Content/EngineMaterials/DefaultPhysicalMaterial.uexp" 175
"../../../Engine/Content/Functions/Engine_MaterialFunctions02/Utility/BreakOutFloat2Components.uasset" 176
"../../../Engine/Content/Functions/Engine_MaterialFunctions02/Utility/BreakOutFloat2Components.uexp" 177
"../../../Engine/Content/EngineMaterials/DefaultPostProcessMaterial.uasset" 178
"../../../Engine/Content/EngineMaterials/DefaultPostProcessMaterial.uexp" 179
"../../../Engine/Content/EngineFonts/RobotoDistanceField.uasset" 180
"../../../Engine/Content/EngineFonts/RobotoDistanceField.uexp" 181
"../../../Engine/Content/EngineMaterials/DefaultTextMaterialOpaque.uasset" 182
"../../../Engine/Content/EngineMaterials/DefaultTextMaterialOpaque.uexp" 183
"../../../Engine/Content/EngineMaterials/DefaultWhiteGrid.uasset" 184
"../../../Engine/Content/EngineMaterials/DefaultWhiteGrid.uexp" 185
"../../../Engine/Content/EngineMaterials/DefaultWhiteGrid.ubulk" 186
"../../../Engine/Content/EngineMaterials/DefaultWhiteGrid_Low.uasset" 187
"../../../Engine/Content/EngineMaterials/DefaultWhiteGrid_Low.uexp" 188
"../../../Engine/Content/EngineMaterials/EmissiveMeshMaterial.uasset" 189
"../../../Engine/Content/EngineMaterials/EmissiveMeshMaterial.uexp" 190
"../../../Engine/Content/EngineMaterials/GizmoMaterial.uasset" 191
"../../../Engine/Content/EngineMaterials/GizmoMaterial.uexp" 192
"../../../Engine/Content/EngineMaterials/Good64x64TilingNoiseHighFreq.uasset" 193
"../../../Engine/Content/EngineMaterials/Good64x64TilingNoiseHighFreq.uexp" 194
"../../../Engine/Content/EngineMaterials/MiniFont.uasset" 195
"../../../Engine/Content/EngineMaterials/MiniFont.uexp" 196
"../../../Engine/Content/EngineMaterials/InvalidLightmapSettings.uasset" 197
"../../../Engine/Content/EngineMaterials/InvalidLightmapSettings.uexp" 198
"../../../Engine/Content/EngineMaterials/InvalidLightmapSettings.ubulk" 199
"../../../Engine/Content/EngineMaterials/M_InvalidLightmapSettings.uasset" 200
"../../../Engine/Content/EngineMaterials/M_InvalidLightmapSettings.uexp" 201
"../../../Engine/Content/Functions/Engine_MaterialFunctions02/WorldPositionOffset/CameraOffset.uasset" 202
"../../../Engine/Content/Functions/Engine_MaterialFunctions02/WorldPositionOffset/CameraOffset.uexp" 203
"../../../Engine/Content/EngineMaterials/PhAT_JointLimitMaterial.uasset" 204
"../../../Engine/Content/EngineMaterials/PhAT_JointLimitMaterial.uexp" 205
"../../../Engine/Content/EngineMaterials/DefaultCalibrationColor.uasset" 206
"../../../Engine/Content/EngineMaterials/DefaultCalibrationColor.uexp" 207
"../../../Engine/Content/EngineMaterials/PPM_DefaultCalibrationColor.uasset" 208
"../../../Engine/Content/EngineMaterials/PPM_DefaultCalibrationColor.uexp" 209
"../../../Engine/Content/EngineMaterials/DefaultCalibrationGrayscale.uasset" 210
"../../../Engine/Content/EngineMaterials/DefaultCalibrationGrayscale.uexp" 211
"../../../Engine/Content/EngineMaterials/PPM_DefaultCalibrationGrayscale.uasset" 212
"../../../Engine/Content/EngineMaterials/PPM_DefaultCalibrationGrayscale.uexp" 213
"../../../Engine/Content/EngineMaterials/PreintegratedSkinBRDF.uasset" 214
"../../../Engine/Content/EngineMaterials/PreintegratedSkinBRDF.uexp" 215
"../../../Engine/Content/EngineMaterials/RemoveSurfaceMaterial.uasset" 216
"../../../Engine/Content/EngineMaterials/RemoveSurfaceMaterial.uexp" 217
"../../../Engine/Content/EngineMaterials/WeightMapPlaceholderTexture.uasset" 218
"../../../Engine/Content/EngineMaterials/WeightMapPlaceholderTexture.uexp" 219
"../../../Engine/Content/EngineResources/WhiteSquareTexture.uasset" 220
"../../../Engine/Content/EngineResources/WhiteSquareTexture.uexp" 221
"../../../Engine/Content/EngineMaterials/Widget3DPassThrough.uasset" 222
"../../../Engine/Content/EngineMaterials/Widget3DPassThrough.uexp" 223
"../../../Engine/Content/EngineMaterials/Widget3DPassThrough_Masked.uasset" 224
"../../../Engine/Content/EngineMaterials/Widget3DPassThrough_Masked.uexp" 225
"../../../Engine/Content/EngineMaterials/Widget3DPassThrough_Opaque.uasset" 226
"../../../Engine/Content/EngineMaterials/Widget3DPassThrough_Opaque.uexp" 227
"../../../Engine/Content/EngineMaterials/Widget3DPassThrough_Masked_OneSided.uasset" 228
"../../../Engine/Content/EngineMaterials/Widget3DPassThrough_Masked_OneSided.uexp" 229
"../../../Engine/Content/EngineMaterials/Widget3DPassThrough_Opaque_OneSided.uasset" 230
"../../../Engine/Content/EngineMaterials/Widget3DPassThrough_Opaque_OneSided.uexp" 231
"../../../Engine/Content/EngineMaterials/Widget3DPassThrough_Translucent.uasset" 232
"../../../Engine/Content/EngineMaterials/Widget3DPassThrough_Translucent.uexp" 233
"../../../Engine/Content/EngineMaterials/Widget3DPassThrough_Translucent_OneSided.uasset" 234
"../../../Engine/Content/EngineMaterials/Widget3DPassThrough_Translucent_OneSided.uexp" 235
"../../../Engine/Content/EngineMeshes/Cylinder.uasset" 236
"../../../Engine/Content/EngineMeshes/Cylinder.uexp" 237
"../../../Engine/Content/EngineMeshes/Sphere.uasset" 238
"../../../Engine/Content/EngineMeshes/Sphere.uexp" 239
"../../../Engine/Content/EngineResources/Black.uasset" 240
"../../../Engine/Content/EngineResources/Black.uexp" 241
"../../../Engine/Content/EngineResources/DefaultTexture.uasset" 242
"../../../Engine/Content/EngineResources/DefaultTexture.uexp" 243
"../../../Engine/Content/EngineResources/DefaultTexture.ubulk" 244
"../../../Engine/Content/EngineResources/DefaultTextureCube.uasset" 245
"../../../Engine/Content/EngineResources/DefaultTextureCube.uexp" 246
"../../../Engine/Content/EngineResources/DefaultVolumeTexture2D.uasset" 247
"../../../Engine/Content/EngineResources/DefaultVolumeTexture2D.uexp" 248
"../../../Engine/Content/EngineResources/DefaultVolumeTexture.uasset" 249
"../../../Engine/Content/EngineResources/DefaultVolumeTexture.uexp" 250
"../../../Engine/Content/EngineResources/GradientTexture0.uasset" 251
"../../../Engine/Content/EngineResources/GradientTexture0.uexp" 252
"../../../Engine/Content/EngineSky/VolumetricClouds/T_NoiseShape64.uasset" 253
"../../../Engine/Content/EngineSky/VolumetricClouds/T_NoiseShape64.uexp" 254
"../../../Engine/Content/EngineSky/VolumetricClouds/T_NoiseShape64.ubulk" 255
"../../../Engine/Content/EngineSky/VolumetricClouds/T_VolumeNoiseShape64.uasset" 256
"../../../Engine/Content/EngineSky/VolumetricClouds/T_VolumeNoiseShape64.uexp" 257
"../../../Engine/Content/EngineSky/VolumetricClouds/T_NoiseErosion.uasset" 258
"../../../Engine/Content/EngineSky/VolumetricClouds/T_NoiseErosion.uexp" 259
"../../../Engine/Content/EngineSky/VolumetricClouds/T_NoiseErosion.ubulk" 260
"../../../Engine/Content/EngineSky/VolumetricClouds/T_VolumeNoiseErosion32.uasset" 261
"../../../Engine/Content/EngineSky/VolumetricClouds/T_VolumeNoiseErosion32.uexp" 262
"../../../Engine/Content/Functions/Engine_MaterialFunctions02/Utility/MakeFloat2.uasset" 263
"../../../Engine/Content/Functions/Engine_MaterialFunctions02/Utility/MakeFloat2.uexp" 264
"../../../Engine/Content/EngineSky/VolumetricClouds/CloudWeatherTexture.uasset" 265
"../../../Engine/Content/EngineSky/VolumetricClouds/CloudWeatherTexture.uexp" 266
"../../../Engine/Content/EngineSky/VolumetricClouds/CloudGradientTexture.uasset" 267
"../../../Engine/Content/EngineSky/VolumetricClouds/CloudGradientTexture.uexp" 268
"../../../Engine/Content/EngineSky/VolumetricClouds/m_SimpleVolumetricCloud.uasset" 269
"../../../Engine/Content/EngineSky/VolumetricClouds/m_SimpleVolumetricCloud.uexp" 270
"../../../Engine/Content/EngineSky/VolumetricClouds/m_SimpleVolumetricCloud_Inst.uasset" 271
"../../../Engine/Content/EngineSky/VolumetricClouds/m_SimpleVolumetricCloud_Inst.uexp" 272
"../../../Engine/Content/EngineSounds/Master.uasset" 273
"../../../Engine/Content/EngineSounds/Master.uexp" 274
"../../../Engine/Content/Functions/Engine_MaterialFunctions01/Shading/PowerToRoughness.uasset" 275
"../../../Engine/Content/Functions/Engine_MaterialFunctions01/Shading/PowerToRoughness.uexp" 276
"../../../Engine/Content/Maps/Templates/Thumbnails/Default.uasset" 277
"../../../Engine/Content/Maps/Templates/Thumbnails/Default.uexp" 278
"../../../Engine/Content/Maps/Templates/Thumbnails/TimeOfDay.uasset" 279
"../../../Engine/Content/Maps/Templates/Thumbnails/TimeOfDay.uexp" 280
"../../../Engine/Content/Maps/Templates/Thumbnails/VR-Basic.uasset" 281
"../../../Engine/Content/Maps/Templates/Thumbnails/VR-Basic.uexp" 282
"../../../Engine/Content/MobileResources/T_MobileControls_texture.uasset" 283
"../../../Engine/Content/MobileResources/T_MobileControls_texture.uexp" 284
"../../../Engine/Content/MobileResources/T_MobileMenu2.uasset" 285
"../../../Engine/Content/MobileResources/T_MobileMenu2.uexp" 286
"../../../Engine/Content/MobileResources/HUD/AnalogHat.uasset" 287
"../../../Engine/Content/MobileResources/HUD/AnalogHat.uexp" 288
"../../../Engine/Content/MobileResources/HUD/VirtualJoystick_Thumb.uasset" 289
"../../../Engine/Content/MobileResources/HUD/VirtualJoystick_Thumb.uexp" 290
"../../../Engine/Content/MobileResources/HUD/VirtualJoystick_Background.uasset" 291
"../../../Engine/Content/MobileResources/HUD/VirtualJoystick_Background.uexp" 292
"../../../Engine/Content/MobileResources/HUD/DefaultVirtualJoysticks.uasset" 293
"../../../Engine/Content/MobileResources/HUD/DefaultVirtualJoysticks.uexp" 294
"../../../Engine/Content/MobileResources/HUD/LeftVirtualJoystickOnly.uasset" 295
"../../../Engine/Content/MobileResources/HUD/LeftVirtualJoystickOnly.uexp" 296
"../../../Engine/Content/MobileResources/HUD/MobileHUDButton1_off.uasset" 297
"../../../Engine/Content/MobileResources/HUD/MobileHUDButton1_off.uexp" 298
"../../../Engine/Content/MobileResources/HUD/MobileHUDButton1_on.uasset" 299
"../../../Engine/Content/MobileResources/HUD/MobileHUDButton1_on.uexp" 300
"../../../Engine/Content/MobileResources/HUD/MobileHUDButton2_off.uasset" 301
"../../../Engine/Content/MobileResources/HUD/MobileHUDButton2_off.uexp" 302
"../../../Engine/Content/MobileResources/HUD/MobileHUDButton2_on.uasset" 303
"../../../Engine/Content/MobileResources/HUD/MobileHUDButton2_on.uexp" 304
"../../../Engine/Content/MobileResources/HUD/MobileHUDButton3.uasset" 305
"../../../Engine/Content/MobileResources/HUD/MobileHUDButton3.uexp" 306
"../../../Engine/Content/MobileResources/HUD/MobileHUDButtonFire.uasset" 307
"../../../Engine/Content/MobileResources/HUD/MobileHUDButtonFire.uexp" 308
"../../../Engine/Content/MobileResources/HUD/MobileHUDDirectionPad.uasset" 309
"../../../Engine/Content/MobileResources/HUD/MobileHUDDirectionPad.uexp" 310
"../../../Engine/Content/MobileResources/HUD/MobileHUDDirectionPad2.uasset" 311
"../../../Engine/Content/MobileResources/HUD/MobileHUDDirectionPad2.uexp" 312
"../../../Engine/Content/MobileResources/HUD/MobileHUDDirectionPad3.uasset" 313
"../../../Engine/Content/MobileResources/HUD/MobileHUDDirectionPad3.uexp" 314
"../../../Engine/Content/MobileResources/HUD/MobileHUDDirectionStick.uasset" 315
"../../../Engine/Content/MobileResources/HUD/MobileHUDDirectionStick.uexp" 316
"../../../Engine/Content/MobileResources/HUD/T_Castle_ThumbstickInner.uasset" 317
"../../../Engine/Content/MobileResources/HUD/T_Castle_ThumbstickInner.uexp" 318
"../../../Engine/Content/MobileResources/HUD/T_Castle_ThumbstickOutter.uasset" 319
"../../../Engine/Content/MobileResources/HUD/T_Castle_ThumbstickOutter.uexp" 320
"../../../Engine/Content/Tutorial/ContentIntroCurve.uasset" 321
"../../../Engine/Content/Tutorial/ContentIntroCurve.uexp" 322
"../../../Engine/Content/VREditor/TransformGizmo/TranslucentTransformGizmoMaterial.uasset" 323
"../../../Engine/Content/VREditor/TransformGizmo/TranslucentTransformGizmoMaterial.uexp" 324
"../../../Engine/Content/VREditor/LaserPointer/VR_LaserPower_01.uasset" 325
"../../../Engine/Content/VREditor/LaserPointer/VR_LaserPower_01.uexp" 326
"../../../Engine/Content/VREditor/LaserPointer/VR_LaserPower_01.ubulk" 327
"../../../Engine/Content/VREditor/TransformGizmo/TransformGizmoMaterial.uasset" 328
"../../../Engine/Content/VREditor/TransformGizmo/TransformGizmoMaterial.uexp" 329
"../../../Engine/Content/VREditor/TransformGizmo/BoundingBoxCorner.uasset" 330
"../../../Engine/Content/VREditor/TransformGizmo/BoundingBoxCorner.uexp" 331
"../../../Engine/Content/VREditor/TransformGizmo/BoundingBoxEdge.uasset" 332
"../../../Engine/Content/VREditor/TransformGizmo/BoundingBoxEdge.uexp" 333
"../../../Engine/Content/VREditor/TransformGizmo/PlaneTranslationHandle.uasset" 334
"../../../Engine/Content/VREditor/TransformGizmo/PlaneTranslationHandle.uexp" 335
"../../../Engine/Content/VREditor/TransformGizmo/Xray.uasset" 336
"../../../Engine/Content/VREditor/TransformGizmo/Xray.uexp" 337
"../../../Engine/Content/VREditor/TransformGizmo/Main.uasset" 338
"../../../Engine/Content/VREditor/TransformGizmo/Main.uexp" 339
"../../../Engine/Content/VREditor/TransformGizmo/SM_Sequencer_Key.uasset" 340
"../../../Engine/Content/VREditor/TransformGizmo/SM_Sequencer_Key.uexp" 341
"../../../Engine/Content/VREditor/TransformGizmo/SM_Sequencer_Node.uasset" 342
"../../../Engine/Content/VREditor/TransformGizmo/SM_Sequencer_Node.uexp" 343
"../../../Engine/Plugins/2D/Paper2D/Content/PlaceholderTextures/DummySpriteTexture.uasset" 344
"../../../Engine/Plugins/2D/Paper2D/Content/PlaceholderTextures/DummySpriteTexture.uexp" 345
"../../../Engine/Plugins/2D/Paper2D/Content/PlaceholderTextures/DummySpriteTexture.ubulk" 346
"../../../Engine/Plugins/2D/Paper2D/Content/DummySprite.uasset" 347
"../../../Engine/Plugins/2D/Paper2D/Content/DummySprite.uexp" 348
"../../../Engine/Plugins/2D/Paper2D/Content/DefaultPaperTerrainMaterial.uasset" 349
"../../../Engine/Plugins/2D/Paper2D/Content/DefaultPaperTerrainMaterial.uexp" 350
"../../../Engine/Plugins/2D/Paper2D/Content/DefaultSpriteMaterial.uasset" 351
"../../../Engine/Plugins/2D/Paper2D/Content/DefaultSpriteMaterial.uexp" 352
"../../../Engine/Plugins/2D/Paper2D/Content/MaskedUnlitSpriteMaterial.uasset" 353
"../../../Engine/Plugins/2D/Paper2D/Content/MaskedUnlitSpriteMaterial.uexp" 354
"../../../Engine/Plugins/2D/Paper2D/Content/OpaqueUnlitSpriteMaterial.uasset" 355
"../../../Engine/Plugins/2D/Paper2D/Content/OpaqueUnlitSpriteMaterial.uexp" 356
"../../../Engine/Content/Functions/Engine_MaterialFunctions02/Utility/VectorLength.uasset" 357
"../../../Engine/Content/Functions/Engine_MaterialFunctions02/Utility/VectorLength.uexp" 358
"../../../Engine/Content/Functions/Engine_MaterialFunctions02/WorldPositionOffset/ObjectScale.uasset" 359
"../../../Engine/Content/Functions/Engine_MaterialFunctions02/WorldPositionOffset/ObjectScale.uexp" 360
"../../../Engine/Content/Functions/Engine_MaterialFunctions02/SafeNormalize.uasset" 361
"../../../Engine/Content/Functions/Engine_MaterialFunctions02/SafeNormalize.uexp" 362
"../../../Engine/Content/Functions/Engine_MaterialFunctions02/Utility/BreakOutFloat3Components.uasset" 363
"../../../Engine/Content/Functions/Engine_MaterialFunctions02/Utility/BreakOutFloat3Components.uexp" 364
"../../../Engine/Plugins/Editor/SpeedTreeImporter/Content/SpeedTree9/UnpackInteger3.uasset" 365
"../../../Engine/Plugins/Editor/SpeedTreeImporter/Content/SpeedTree9/UnpackInteger3.uexp" 366
"../../../Engine/Plugins/Editor/SpeedTreeImporter/Content/SpeedTree9/UnpackDirection.uasset" 367
"../../../Engine/Plugins/Editor/SpeedTreeImporter/Content/SpeedTree9/UnpackDirection.uexp" 368
"../../../Engine/Plugins/Editor/SpeedTreeImporter/Content/SpeedTree9/game_wind_noise.uasset" 369
"../../../Engine/Plugins/Editor/SpeedTreeImporter/Content/SpeedTree9/game_wind_noise.uexp" 370
"../../../Engine/Plugins/Editor/SpeedTreeImporter/Content/SpeedTree9/game_wind_noise.ubulk" 371
"../../../Engine/Plugins/Editor/SpeedTreeImporter/Content/SpeedTree9/SpeedTreeWindMotion.uasset" 372
"../../../Engine/Plugins/Editor/SpeedTreeImporter/Content/SpeedTree9/SpeedTreeWindMotion.uexp" 373
"../../../Engine/Plugins/Editor/SpeedTreeImporter/Content/SpeedTree9/SpeedTreeBranchMotion.uasset" 374
"../../../Engine/Plugins/Editor/SpeedTreeImporter/Content/SpeedTree9/SpeedTreeBranchMotion.uexp" 375
"../../../Engine/Content/Functions/Engine_MaterialFunctions02/ObjectLocalBounds.uasset" 376
"../../../Engine/Content/Functions/Engine_MaterialFunctions02/ObjectLocalBounds.uexp" 377
"../../../Engine/Content/Functions/Engine_MaterialFunctions02/UVs/BoundingBoxBased_0-1_UVW.uasset" 378
"../../../Engine/Content/Functions/Engine_MaterialFunctions02/UVs/BoundingBoxBased_0-1_UVW.uexp" 379
"../../../Engine/Plugins/Editor/SpeedTreeImporter/Content/SpeedTree9/SpeedTreeWind.uasset" 380
"../../../Engine/Plugins/Editor/SpeedTreeImporter/Content/SpeedTree9/SpeedTreeWind.uexp" 381
"../../../Engine/Plugins/Editor/SpeedTreeImporter/Content/SpeedTree9/SpeedTreeBillboard.uasset" 382
"../../../Engine/Plugins/Editor/SpeedTreeImporter/Content/SpeedTree9/SpeedTreeBillboard.uexp" 383
"../../../Engine/Plugins/Editor/SpeedTreeImporter/Content/SpeedTree9/EmptyNormal.uasset" 384
"../../../Engine/Plugins/Editor/SpeedTreeImporter/Content/SpeedTree9/EmptyNormal.uexp" 385
"../../../Engine/Plugins/Editor/SpeedTreeImporter/Content/SpeedTree9/Empty.uasset" 386
"../../../Engine/Plugins/Editor/SpeedTreeImporter/Content/SpeedTree9/Empty.uexp" 387
"../../../Engine/Plugins/Editor/SpeedTreeImporter/Content/SpeedTree9/SpeedTreeBillboardMaster.uasset" 388
"../../../Engine/Plugins/Editor/SpeedTreeImporter/Content/SpeedTree9/SpeedTreeBillboardMaster.uexp" 389
"../../../Engine/Plugins/Editor/SpeedTreeImporter/Content/SpeedTree9/SpeedTreeCameraFacing.uasset" 390
"../../../Engine/Plugins/Editor/SpeedTreeImporter/Content/SpeedTree9/SpeedTreeCameraFacing.uexp" 391
"../../../Engine/Plugins/Editor/SpeedTreeImporter/Content/SpeedTree9/SpeedTreeMaster.uasset" 392
"../../../Engine/Plugins/Editor/SpeedTreeImporter/Content/SpeedTree9/SpeedTreeMaster.uexp" 393
"../../../Engine/Content/ArtTools/RenderToTexture/Materials/Debug/M_Emissive_Color.uasset" 394
"../../../Engine/Content/ArtTools/RenderToTexture/Materials/Debug/M_Emissive_Color.uexp" 395
"../../../Engine/Content/BasicShapes/Cylinder.uasset" 396
"../../../Engine/Content/BasicShapes/Cylinder.uexp" 397
"../../../Engine/Plugins/Lumin/MagicLeapPassableWorld/Content/MagicLeapARPinInfoActor.uasset" 398
"../../../Engine/Plugins/Lumin/MagicLeapPassableWorld/Content/MagicLeapARPinInfoActor.uexp" 399
"C:/Users/archi/Documents/Unreal Projects/ShaderTest/Content/Art/Tree_Material.uasset" 400
"C:/Users/archi/Documents/Unreal Projects/ShaderTest/Content/Art/Tree_Material.uexp" 401
"C:/Users/archi/Documents/Unreal Projects/ShaderTest/Content/Art/dead_tree.uasset" 402
"C:/Users/archi/Documents/Unreal Projects/ShaderTest/Content/Art/dead_tree.uexp" 403
"C:/Users/archi/Documents/Unreal Projects/ShaderTest/Content/Art/Material_001.uasset" 404
"C:/Users/archi/Documents/Unreal Projects/ShaderTest/Content/Art/Material_001.uexp" 405
"C:/Users/archi/Documents/Unreal Projects/ShaderTest/Content/Art/dead_tree_1.uasset" 406
"C:/Users/archi/Documents/Unreal Projects/ShaderTest/Content/Art/dead_tree_1.uexp" 407
"C:/Users/archi/Documents/Unreal Projects/ShaderTest/Content/Art/elevator_Cube.uasset" 408
"C:/Users/archi/Documents/Unreal Projects/ShaderTest/Content/Art/elevator_Cube.uexp" 409
"C:/Users/archi/Documents/Unreal Projects/ShaderTest/Content/Art/outlet2.uasset" 410
"C:/Users/archi/Documents/Unreal Projects/ShaderTest/Content/Art/outlet2.uexp" 411
"C:/Users/archi/Documents/Unreal Projects/ShaderTest/Content/Art/outlet3.uasset" 412
"C:/Users/archi/Documents/Unreal Projects/ShaderTest/Content/Art/outlet3.uexp" 413
"C:/Users/archi/Documents/Unreal Projects/ShaderTest/Content/Art/plug2.uasset" 414
"C:/Users/archi/Documents/Unreal Projects/ShaderTest/Content/Art/plug2.uexp" 415
"C:/Users/archi/Documents/Unreal Projects/ShaderTest/Content/Art/plug3.uasset" 416
"C:/Users/archi/Documents/Unreal Projects/ShaderTest/Content/Art/plug3.uexp" 417
"C:/Users/archi/Documents/Unreal Projects/ShaderTest/Content/Audio/Assets/hall.uasset" 418
"C:/Users/archi/Documents/Unreal Projects/ShaderTest/Content/Audio/Assets/hall.uexp" 419
"C:/Users/archi/Documents/Unreal Projects/ShaderTest/Content/Audio/Assets/Indoors.uasset" 420
"C:/Users/archi/Documents/Unreal Projects/ShaderTest/Content/Audio/Assets/Indoors.uexp" 421
"C:/Users/archi/Documents/Unreal Projects/ShaderTest/Content/Audio/Assets/OutdoorsAttentuation.uasset" 422
"C:/Users/archi/Documents/Unreal Projects/ShaderTest/Content/Audio/Assets/OutdoorsAttentuation.uexp" 423
"C:/Users/archi/Documents/Unreal Projects/ShaderTest/Content/Underground/Textures/T_Military_Crate_N.uasset" 424
"C:/Users/archi/Documents/Unreal Projects/ShaderTest/Content/Underground/Textures/T_Military_Crate_N.uexp" 425
"C:/Users/archi/Documents/Unreal Projects/ShaderTest/Content/Underground/Textures/T_Military_Crate_N.ubulk" 426
"C:/Users/archi/Documents/Unreal Projects/ShaderTest/Content/Underground/Textures/T_Military_Crate_BaseColor.uasset" 427
"C:/Users/archi/Documents/Unreal Projects/ShaderTest/Content/Underground/Textures/T_Military_Crate_BaseColor.uexp" 428
"C:/Users/archi/Documents/Unreal Projects/ShaderTest/Content/Underground/Textures/T_Military_Crate_BaseColor.ubulk" 429
"C:/Users/archi/Documents/Unreal Projects/ShaderTest/Content/Underground/Textures/T_Tarp_N_R_Plain_Weave.uasset" 430
"C:/Users/archi/Documents/Unreal Projects/ShaderTest/Content/Underground/Textures/T_Tarp_N_R_Plain_Weave.uexp" 431
"C:/Users/archi/Documents/Unreal Projects/ShaderTest/Content/Underground/Textures/T_Tarp_N_R_Plain_Weave.ubulk" 432
"C:/Users/archi/Documents/Unreal Projects/ShaderTest/Content/Underground/Textures/T_Tarp_BaseColor.uasset" 433
"C:/Users/archi/Documents/Unreal Projects/ShaderTest/Content/Underground/Textures/T_Tarp_BaseColor.uexp" 434
"C:/Users/archi/Documents/Unreal Projects/ShaderTest/Content/Underground/Textures/T_Tarp_BaseColor.ubulk" 435
"C:/Users/archi/Documents/Unreal Projects/ShaderTest/Content/Underground/Textures/Decals/T_Grunge_Decal_M.uasset" 436
"C:/Users/archi/Documents/Unreal Projects/ShaderTest/Content/Underground/Textures/Decals/T_Grunge_Decal_M.uexp" 437
"C:/Users/archi/Documents/Unreal Projects/ShaderTest/Content/Underground/Textures/Decals/T_Grunge_Decal_M.ubulk" 438
"C:/Users/archi/Documents/Unreal Projects/ShaderTest/Content/Underground/Textures/T_Roughness_Mask.uasset" 439
"C:/Users/archi/Documents/Unreal Projects/ShaderTest/Content/Underground/Textures/T_Roughness_Mask.uexp" 440
"C:/Users/archi/Documents/Unreal Projects/ShaderTest/Content/Underground/Materials/MF_Reconstruct_Normal.uasset" 441
"C:/Users/archi/Documents/Unreal Projects/ShaderTest/Content/Underground/Materials/MF_Reconstruct_Normal.uexp" 442
"C:/Users/archi/Documents/Unreal Projects/ShaderTest/Content/Underground/Materials/Master/M_Prop_Shader.uasset" 443
"C:/Users/archi/Documents/Unreal Projects/ShaderTest/Content/Underground/Materials/Master/M_Prop_Shader.uexp" 444
"C:/Users/archi/Documents/Unreal Projects/ShaderTest/Content/Underground/Materials/Instances/Mi_Military_Crate.uasset" 445
"C:/Users/archi/Documents/Unreal Projects/ShaderTest/Content/Underground/Materials/Instances/Mi_Military_Crate.uexp" 446
"C:/Users/archi/Documents/Unreal Projects/ShaderTest/Content/Underground/Meshes/Props/SM_Military_Crate.uasset" 447
"C:/Users/archi/Documents/Unreal Projects/ShaderTest/Content/Underground/Meshes/Props/SM_Military_Crate.uexp" 448
"C:/Users/archi/Documents/Unreal Projects/ShaderTest/Content/Underground/Textures/T_Metal_Rack_N.uasset" 449
"C:/Users/archi/Documents/Unreal Projects/ShaderTest/Content/Underground/Textures/T_Metal_Rack_N.uexp" 450
"C:/Users/archi/Documents/Unreal Projects/ShaderTest/Content/Underground/Textures/T_Metal_Rack_N.ubulk" 451
"C:/Users/archi/Documents/Unreal Projects/ShaderTest/Content/Underground/Textures/T_Metal_Rack_BaseColor.uasset" 452
"C:/Users/archi/Documents/Unreal Projects/ShaderTest/Content/Underground/Textures/T_Metal_Rack_BaseColor.uexp" 453
"C:/Users/archi/Documents/Unreal Projects/ShaderTest/Content/Underground/Textures/T_Metal_Rack_BaseColor.ubulk" 454
"C:/Users/archi/Documents/Unreal Projects/ShaderTest/Content/Underground/Materials/Instances/Mi_Metal_Rack.uasset" 455
"C:/Users/archi/Documents/Unreal Projects/ShaderTest/Content/Underground/Materials/Instances/Mi_Metal_Rack.uexp" 456
"C:/Users/archi/Documents/Unreal Projects/ShaderTest/Content/Underground/Meshes/Props/SM_Metal_Rack.uasset" 457
"C:/Users/archi/Documents/Unreal Projects/ShaderTest/Content/Underground/Meshes/Props/SM_Metal_Rack.uexp" 458
"C:/Users/archi/Documents/Unreal Projects/ShaderTest/Content/Underground/Textures/T_Electric_Box_N.uasset" 459
"C:/Users/archi/Documents/Unreal Projects/ShaderTest/Content/Underground/Textures/T_Electric_Box_N.uexp" 460
"C:/Users/archi/Documents/Unreal Projects/ShaderTest/Content/Underground/Textures/T_Electric_Box_N.ubulk" 461
"C:/Users/archi/Documents/Unreal Projects/ShaderTest/Content/Underground/Textures/T_Electric_Box_BaseColor.uasset" 462
"C:/Users/archi/Documents/Unreal Projects/ShaderTest/Content/Underground/Textures/T_Electric_Box_BaseColor.uexp" 463
"C:/Users/archi/Documents/Unreal Projects/ShaderTest/Content/Underground/Textures/T_Electric_Box_BaseColor.ubulk" 464
"C:/Users/archi/Documents/Unreal Projects/ShaderTest/Content/Underground/Materials/Instances/Mi_EB.uasset" 465
"C:/Users/archi/Documents/Unreal Projects/ShaderTest/Content/Underground/Materials/Instances/Mi_EB.uexp" 466
"C:/Users/archi/Documents/Unreal Projects/ShaderTest/Content/Underground/Meshes/Props/SM_ElectriBox01.uasset" 467
"C:/Users/archi/Documents/Unreal Projects/ShaderTest/Content/Underground/Meshes/Props/SM_ElectriBox01.uexp" 468
"C:/Users/archi/Documents/Unreal Projects/ShaderTest/Content/Underground/Textures/T_Crate_Top_N.uasset" 469
"C:/Users/archi/Documents/Unreal Projects/ShaderTest/Content/Underground/Textures/T_Crate_Top_N.uexp" 470
"C:/Users/archi/Documents/Unreal Projects/ShaderTest/Content/Underground/Textures/T_Crate_Top_N.ubulk" 471
"C:/Users/archi/Documents/Unreal Projects/ShaderTest/Content/Underground/Textures/T_Crate_Top_BaseColor.uasset" 472
"C:/Users/archi/Documents/Unreal Projects/ShaderTest/Content/Underground/Textures/T_Crate_Top_BaseColor.uexp" 473
"C:/Users/archi/Documents/Unreal Projects/ShaderTest/Content/Underground/Textures/T_Crate_Top_BaseColor.ubulk" 474
"C:/Users/archi/Documents/Unreal Projects/ShaderTest/Content/Underground/Materials/Instances/Mi_Crate_Top.uasset" 475
"C:/Users/archi/Documents/Unreal Projects/ShaderTest/Content/Underground/Materials/Instances/Mi_Crate_Top.uexp" 476
"C:/Users/archi/Documents/Unreal Projects/ShaderTest/Content/Underground/Textures/T_Crate_Bottom_N.uasset" 477
"C:/Users/archi/Documents/Unreal Projects/ShaderTest/Content/Underground/Textures/T_Crate_Bottom_N.uexp" 478
"C:/Users/archi/Documents/Unreal Projects/ShaderTest/Content/Underground/Textures/T_Crate_Bottom_N.ubulk" 479
"C:/Users/archi/Documents/Unreal Projects/ShaderTest/Content/Underground/Textures/T_Crate_Bottom_BaseColor.uasset" 480
"C:/Users/archi/Documents/Unreal Projects/ShaderTest/Content/Underground/Textures/T_Crate_Bottom_BaseColor.uexp" 481
"C:/Users/archi/Documents/Unreal Projects/ShaderTest/Content/Underground/Textures/T_Crate_Bottom_BaseColor.ubulk" 482
"C:/Users/archi/Documents/Unreal Projects/ShaderTest/Content/Underground/Materials/Instances/Mi_Crate_Bottom.uasset" 483
"C:/Users/archi/Documents/Unreal Projects/ShaderTest/Content/Underground/Materials/Instances/Mi_Crate_Bottom.uexp" 484
"C:/Users/archi/Documents/Unreal Projects/ShaderTest/Content/Underground/Meshes/Props/SM_Crate_Closed.uasset" 485
"C:/Users/archi/Documents/Unreal Projects/ShaderTest/Content/Underground/Meshes/Props/SM_Crate_Closed.uexp" 486
"C:/Users/archi/Documents/Unreal Projects/ShaderTest/Content/Underground/Textures/T_CardboardBox_BaseColor01.uasset" 487
"C:/Users/archi/Documents/Unreal Projects/ShaderTest/Content/Underground/Textures/T_CardboardBox_BaseColor01.uexp" 488
"C:/Users/archi/Documents/Unreal Projects/ShaderTest/Content/Underground/Textures/T_CardboardBox_BaseColor01.ubulk" 489
"C:/Users/archi/Documents/Unreal Projects/ShaderTest/Content/Underground/Textures/T_CardboardBox01_N.uasset" 490
"C:/Users/archi/Documents/Unreal Projects/ShaderTest/Content/Underground/Textures/T_CardboardBox01_N.uexp" 491
"C:/Users/archi/Documents/Unreal Projects/ShaderTest/Content/Underground/Textures/T_CardboardBox01_N.ubulk" 492
"C:/Users/archi/Documents/Unreal Projects/ShaderTest/Content/Underground/Materials/Instances/Mi_CardBoardVar01.uasset" 493
"C:/Users/archi/Documents/Unreal Projects/ShaderTest/Content/Underground/Materials/Instances/Mi_CardBoardVar01.uexp" 494
"C:/Users/archi/Documents/Unreal Projects/ShaderTest/Content/Underground/Meshes/Props/SM_Cardboard_Box06.uasset" 495
"C:/Users/archi/Documents/Unreal Projects/ShaderTest/Content/Underground/Meshes/Props/SM_Cardboard_Box06.uexp" 496
"C:/Users/archi/Documents/Unreal Projects/ShaderTest/Content/Underground/Meshes/Props/SM_Cardboard_Box05.uasset" 497
"C:/Users/archi/Documents/Unreal Projects/ShaderTest/Content/Underground/Meshes/Props/SM_Cardboard_Box05.uexp" 498
"C:/Users/archi/Documents/Unreal Projects/ShaderTest/Content/Underground/Textures/T_Plastic_N.uasset" 499
"C:/Users/archi/Documents/Unreal Projects/ShaderTest/Content/Underground/Textures/T_Plastic_N.uexp" 500
"C:/Users/archi/Documents/Unreal Projects/ShaderTest/Content/Underground/Textures/T_Plastic_N.ubulk" 501
"C:/Users/archi/Documents/Unreal Projects/ShaderTest/Content/Underground/Textures/T_Metal_N.uasset" 502
"C:/Users/archi/Documents/Unreal Projects/ShaderTest/Content/Underground/Textures/T_Metal_N.uexp" 503
"C:/Users/archi/Documents/Unreal Projects/ShaderTest/Content/Underground/Textures/T_Metal_N.ubulk" 504
"C:/Users/archi/Documents/Unreal Projects/ShaderTest/Content/Underground/Materials/MF_Dual_Normal_Blend.uasset" 505
"C:/Users/archi/Documents/Unreal Projects/ShaderTest/Content/Underground/Materials/MF_Dual_Normal_Blend.uexp" 506
"C:/Users/archi/Documents/Unreal Projects/ShaderTest/Content/Underground/Materials/Master/M_Tiling.uasset" 507
"C:/Users/archi/Documents/Unreal Projects/ShaderTest/Content/Underground/Materials/Master/M_Tiling.uexp" 508
"C:/Users/archi/Documents/Unreal Projects/ShaderTest/Content/Underground/Materials/Instances/Mi_Plastic_Bucket.uasset" 509
"C:/Users/archi/Documents/Unreal Projects/ShaderTest/Content/Underground/Materials/Instances/Mi_Plastic_Bucket.uexp" 510
"C:/Users/archi/Documents/Unreal Projects/ShaderTest/Content/Underground/Meshes/Props/SM_Bucket.uasset" 511
"C:/Users/archi/Documents/Unreal Projects/ShaderTest/Content/Underground/Meshes/Props/SM_Bucket.uexp" 512
"C:/Users/archi/Documents/Unreal Projects/ShaderTest/Content/Underground/Textures/T_Police_Barrier_N.uasset" 513
"C:/Users/archi/Documents/Unreal Projects/ShaderTest/Content/Underground/Textures/T_Police_Barrier_N.uexp" 514
"C:/Users/archi/Documents/Unreal Projects/ShaderTest/Content/Underground/Textures/T_Police_Barrier_N.ubulk" 515
"C:/Users/archi/Documents/Unreal Projects/ShaderTest/Content/Underground/Textures/T_Police_Barrier_BaseColor.uasset" 516
"C:/Users/archi/Documents/Unreal Projects/ShaderTest/Content/Underground/Textures/T_Police_Barrier_BaseColor.uexp" 517
"C:/Users/archi/Documents/Unreal Projects/ShaderTest/Content/Underground/Textures/T_Police_Barrier_BaseColor.ubulk" 518
"C:/Users/archi/Documents/Unreal Projects/ShaderTest/Content/Underground/Materials/Instances/Mi_Police_Barrier.uasset" 519
"C:/Users/archi/Documents/Unreal Projects/ShaderTest/Content/Underground/Materials/Instances/Mi_Police_Barrier.uexp" 520
"C:/Users/archi/Documents/Unreal Projects/ShaderTest/Content/Underground/Meshes/Props/SM_Barrier.uasset" 521
"C:/Users/archi/Documents/Unreal Projects/ShaderTest/Content/Underground/Meshes/Props/SM_Barrier.uexp" 522
"C:/Users/archi/Documents/Unreal Projects/ShaderTest/Content/Underground/Textures/T_Brushed_Metal_N.uasset" 523
"C:/Users/archi/Documents/Unreal Projects/ShaderTest/Content/Underground/Textures/T_Brushed_Metal_N.uexp" 524
"C:/Users/archi/Documents/Unreal Projects/ShaderTest/Content/Underground/Textures/T_Brushed_Metal_N.ubulk" 525
"C:/Users/archi/Documents/Unreal Projects/ShaderTest/Content/Underground/Materials/Instances/Mi_Metal_Brushed01.uasset" 526
"C:/Users/archi/Documents/Unreal Projects/ShaderTest/Content/Underground/Materials/Instances/Mi_Metal_Brushed01.uexp" 527
"C:/Users/archi/Documents/Unreal Projects/ShaderTest/Content/Underground/Meshes/Props/SM_AC_Unit_Bend_45.uasset" 528
"C:/Users/archi/Documents/Unreal Projects/ShaderTest/Content/Underground/Meshes/Props/SM_AC_Unit_Bend_45.uexp" 529
"C:/Users/archi/Documents/Unreal Projects/ShaderTest/Content/Underground/Meshes/Props/SM_AC_Unit_100u.uasset" 530
"C:/Users/archi/Documents/Unreal Projects/ShaderTest/Content/Underground/Meshes/Props/SM_AC_Unit_100u.uexp" 531
"C:/Users/archi/Documents/Unreal Projects/ShaderTest/Content/Underground/Textures/T_Pipe_N.uasset" 532
"C:/Users/archi/Documents/Unreal Projects/ShaderTest/Content/Underground/Textures/T_Pipe_N.uexp" 533
"C:/Users/archi/Documents/Unreal Projects/ShaderTest/Content/Underground/Textures/T_Pipe_N.ubulk" 534
"C:/Users/archi/Documents/Unreal Projects/ShaderTest/Content/Underground/Textures/T_Pipe_BaseColor.uasset" 535
"C:/Users/archi/Documents/Unreal Projects/ShaderTest/Content/Underground/Textures/T_Pipe_BaseColor.uexp" 536
"C:/Users/archi/Documents/Unreal Projects/ShaderTest/Content/Underground/Textures/T_Pipe_BaseColor.ubulk" 537
"C:/Users/archi/Documents/Unreal Projects/ShaderTest/Content/Underground/Materials/Instances/Mi_Pipe.uasset" 538
"C:/Users/archi/Documents/Unreal Projects/ShaderTest/Content/Underground/Materials/Instances/Mi_Pipe.uexp" 539
"C:/Users/archi/Documents/Unreal Projects/ShaderTest/Content/Underground/Meshes/Pipes/SM_Pipe_Straight_Short.uasset" 540
"C:/Users/archi/Documents/Unreal Projects/ShaderTest/Content/Underground/Meshes/Pipes/SM_Pipe_Straight_Short.uexp" 541
"C:/Users/archi/Documents/Unreal Projects/ShaderTest/Content/Underground/Meshes/Pipes/SM_Pipe_Straight_Long.uasset" 542
"C:/Users/archi/Documents/Unreal Projects/ShaderTest/Content/Underground/Meshes/Pipes/SM_Pipe_Straight_Long.uexp" 543
"C:/Users/archi/Documents/Unreal Projects/ShaderTest/Content/Underground/Meshes/Pipes/SM_Pipe_Curved.uasset" 544
"C:/Users/archi/Documents/Unreal Projects/ShaderTest/Content/Underground/Meshes/Pipes/SM_Pipe_Curved.uexp" 545
"C:/Users/archi/Documents/Unreal Projects/ShaderTest/Content/Main_Functionality/UI/Quest_Screen.uasset" 546
"C:/Users/archi/Documents/Unreal Projects/ShaderTest/Content/Main_Functionality/UI/Quest_Screen.uexp" 547
"../../../Engine/Content/EngineSky/T_Sky_Stars.uasset" 548
"../../../Engine/Content/EngineSky/T_Sky_Stars.uexp" 549
"../../../Engine/Content/EngineSky/T_Sky_Stars.ubulk" 550
"../../../Engine/Content/EngineSky/T_Sky_Clouds_M.uasset" 551
"../../../Engine/Content/EngineSky/T_Sky_Clouds_M.uexp" 552
"../../../Engine/Content/EngineSky/T_Sky_Clouds_M.ubulk" 553
"../../../Engine/Content/EngineSky/T_Sky_Blue.uasset" 554
"../../../Engine/Content/EngineSky/T_Sky_Blue.uexp" 555
"../../../Engine/Content/EngineSky/T_Sky_Blue.ubulk" 556
"../../../Engine/Content/BasicShapes/Cube.uasset" 557
"../../../Engine/Content/BasicShapes/Cube.uexp" 558
"C:/Users/archi/Documents/Unreal Projects/ShaderTest/Content/Underground/Materials/Master/M_WorldGridMaterial.uasset" 559
"C:/Users/archi/Documents/Unreal Projects/ShaderTest/Content/Underground/Materials/Master/M_WorldGridMaterial.uexp" 560
"C:/Users/archi/Documents/Unreal Projects/ShaderTest/Content/Main_Functionality/Visuals/SampleTextureNeighbourUvs.uasset" 561
"C:/Users/archi/Documents/Unreal Projects/ShaderTest/Content/Main_Functionality/Visuals/SampleTextureNeighbourUvs.uexp" 562
"../../../Engine/Content/Functions/Engine_MaterialFunctions02/Utility/MakeFloat3.uasset" 563
"../../../Engine/Content/Functions/Engine_MaterialFunctions02/Utility/MakeFloat3.uexp" 564
"C:/Users/archi/Documents/Unreal Projects/ShaderTest/Content/Main_Functionality/Visuals/normalDepthInteraction.uasset" 565
"C:/Users/archi/Documents/Unreal Projects/ShaderTest/Content/Main_Functionality/Visuals/normalDepthInteraction.uexp" 566
"C:/Users/archi/Documents/Unreal Projects/ShaderTest/Content/Main_Functionality/Visuals/normalDepthCombine.uasset" 567
"C:/Users/archi/Documents/Unreal Projects/ShaderTest/Content/Main_Functionality/Visuals/normalDepthCombine.uexp" 568
"../../../Engine/Content/Functions/Engine_MaterialFunctions02/SplitComponents.uasset" 569
"../../../Engine/Content/Functions/Engine_MaterialFunctions02/SplitComponents.uexp" 570
"C:/Users/archi/Documents/Unreal Projects/ShaderTest/Content/Main_Functionality/Visuals/ConvoleTexture.uasset" 571
"C:/Users/archi/Documents/Unreal Projects/ShaderTest/Content/Main_Functionality/Visuals/ConvoleTexture.uexp" 572
"C:/Users/archi/Documents/Unreal Projects/ShaderTest/Content/Main_Functionality/Visuals/Calculate_Wave_2.uasset" 573
"C:/Users/archi/Documents/Unreal Projects/ShaderTest/Content/Main_Functionality/Visuals/Calculate_Wave_2.uexp" 574
"C:/Users/archi/Documents/Unreal Projects/ShaderTest/Content/Main_Functionality/Visuals/Wave_Collection_Parameters.uasset" 575
"C:/Users/archi/Documents/Unreal Projects/ShaderTest/Content/Main_Functionality/Visuals/Wave_Collection_Parameters.uexp" 576
"C:/Users/archi/Documents/Unreal Projects/ShaderTest/Content/Main_Functionality/Visuals/Final_Wave_Shader.uasset" 577
"C:/Users/archi/Documents/Unreal Projects/ShaderTest/Content/Main_Functionality/Visuals/Final_Wave_Shader.uexp" 578
"../../../Engine/Content/EngineSky/M_Sky_Panning_Clouds2.uasset" 579
"../../../Engine/Content/EngineSky/M_Sky_Panning_Clouds2.uexp" 580
"../../../Engine/Content/Functions/Engine_MaterialFunctions03/Procedurals/ComputeFilterWidth.uasset" 581
"../../../Engine/Content/Functions/Engine_MaterialFunctions03/Procedurals/ComputeFilterWidth.uexp" 582
"../../../Engine/Content/EngineMaterials/AntiAliasedTextMaterialTranslucent.uasset" 583
"../../../Engine/Content/EngineMaterials/AntiAliasedTextMaterialTranslucent.uexp" 584
"../../../Engine/Content/BasicShapes/BasicShapeMaterial.uasset" 585
"../../../Engine/Content/BasicShapes/BasicShapeMaterial.uexp" 586
"C:/Users/archi/Documents/Unreal Projects/ShaderTest/Content/Individual_Folders/MainImplementation/main_level_BuiltData.uasset" 587
"C:/Users/archi/Documents/Unreal Projects/ShaderTest/Content/Individual_Folders/MainImplementation/main_level_BuiltData.uexp" 588
"C:/Users/archi/Documents/Unreal Projects/ShaderTest/Content/Individual_Folders/MainImplementation/main_level_BuiltData.ubulk" 589
"C:/Users/archi/Documents/Unreal Projects/ShaderTest/Content/Audio/Assets/ObjectsAttenuation.uasset" 590
"C:/Users/archi/Documents/Unreal Projects/ShaderTest/Content/Audio/Assets/ObjectsAttenuation.uexp" 591
"../../../Engine/Content/EditorBlueprintResources/StandardMacros.uasset" 592
"../../../Engine/Content/EditorBlueprintResources/StandardMacros.uexp" 593
"C:/Users/archi/Documents/Unreal Projects/ShaderTest/Content/Echo_Management_BPS/Wave.uasset" 594
"C:/Users/archi/Documents/Unreal Projects/ShaderTest/Content/Echo_Management_BPS/Wave.uexp" 595
"C:/Users/archi/Documents/Unreal Projects/ShaderTest/Content/Echo_Management_BPS/Respawn_Wave.uasset" 596
"C:/Users/archi/Documents/Unreal Projects/ShaderTest/Content/Echo_Management_BPS/Respawn_Wave.uexp" 597
"C:/Users/archi/Documents/Unreal Projects/ShaderTest/Content/Echo_Management_BPS/Permanent_Wave.uasset" 598
"C:/Users/archi/Documents/Unreal Projects/ShaderTest/Content/Echo_Management_BPS/Permanent_Wave.uexp" 599
"C:/Users/archi/Documents/Unreal Projects/ShaderTest/Content/Echo_Management_BPS/Wave_Manager.uasset" 600
"C:/Users/archi/Documents/Unreal Projects/ShaderTest/Content/Echo_Management_BPS/Wave_Manager.uexp" 601
"C:/Users/archi/Documents/Unreal Projects/ShaderTest/Content/Audio/Assets/DynamicObjects.uasset" 602
"C:/Users/archi/Documents/Unreal Projects/ShaderTest/Content/Audio/Assets/DynamicObjects.uexp" 603
"C:/Users/archi/Documents/Unreal Projects/ShaderTest/Content/Audio/Audio/ObjectSounds/Short_Zap_Short_electric_8.uasset" 604
"C:/Users/archi/Documents/Unreal Projects/ShaderTest/Content/Audio/Audio/ObjectSounds/Short_Zap_Short_electric_8.uexp" 605
"C:/Users/archi/Documents/Unreal Projects/ShaderTest/Content/Audio/Audio/ObjectSounds/Short_Zap_Short_electric_7.uasset" 606
"C:/Users/archi/Documents/Unreal Projects/ShaderTest/Content/Audio/Audio/ObjectSounds/Short_Zap_Short_electric_7.uexp" 607
"C:/Users/archi/Documents/Unreal Projects/ShaderTest/Content/Audio/Audio/ObjectSounds/Short_Zap_Short_electric_6.uasset" 608
"C:/Users/archi/Documents/Unreal Projects/ShaderTest/Content/Audio/Audio/ObjectSounds/Short_Zap_Short_electric_6.uexp" 609
"C:/Users/archi/Documents/Unreal Projects/ShaderTest/Content/Audio/Audio/ObjectSounds/Short_Zap_Short_electric_5.uasset" 610
"C:/Users/archi/Documents/Unreal Projects/ShaderTest/Content/Audio/Audio/ObjectSounds/Short_Zap_Short_electric_5.uexp" 611
"C:/Users/archi/Documents/Unreal Projects/ShaderTest/Content/Audio/Audio/ObjectSounds/Short_Zap_Short_electric_4.uasset" 612
"C:/Users/archi/Documents/Unreal Projects/ShaderTest/Content/Audio/Audio/ObjectSounds/Short_Zap_Short_electric_4.uexp" 613
"C:/Users/archi/Documents/Unreal Projects/ShaderTest/Content/Audio/Audio/ObjectSounds/Short_Zap_Short_electric_3.uasset" 614
"C:/Users/archi/Documents/Unreal Projects/ShaderTest/Content/Audio/Audio/ObjectSounds/Short_Zap_Short_electric_3.uexp" 615
"C:/Users/archi/Documents/Unreal Projects/ShaderTest/Content/Audio/Audio/ObjectSounds/Short_Zap_Short_electric_2.uasset" 616
"C:/Users/archi/Documents/Unreal Projects/ShaderTest/Content/Audio/Audio/ObjectSounds/Short_Zap_Short_electric_2.uexp" 617
"C:/Users/archi/Documents/Unreal Projects/ShaderTest/Content/Audio/Audio/ObjectSounds/Short_Zap_Short_electric_1.uasset" 618
"C:/Users/archi/Documents/Unreal Projects/ShaderTest/Content/Audio/Audio/ObjectSounds/Short_Zap_Short_electric_1.uexp" 619
"C:/Users/archi/Documents/Unreal Projects/ShaderTest/Content/Audio/Audio/ObjectSounds/7Electric_Zap.uasset" 620
"C:/Users/archi/Documents/Unreal Projects/ShaderTest/Content/Audio/Audio/ObjectSounds/7Electric_Zap.uexp" 621
"C:/Users/archi/Documents/Unreal Projects/ShaderTest/Content/Puzzle_Mechanics/Puddle/Spark.uasset" 622
"C:/Users/archi/Documents/Unreal Projects/ShaderTest/Content/Puzzle_Mechanics/Puddle/Spark.uexp" 623
"C:/Users/archi/Documents/Unreal Projects/ShaderTest/Content/Puzzle_Mechanics/zonemanager.uasset" 624
"C:/Users/archi/Documents/Unreal Projects/ShaderTest/Content/Puzzle_Mechanics/zonemanager.uexp" 625
"C:/Users/archi/Documents/Unreal Projects/ShaderTest/Content/Puzzle_Mechanics/Puddle/Puddle_PM.uasset" 626
"C:/Users/archi/Documents/Unreal Projects/ShaderTest/Content/Puzzle_Mechanics/Puddle/Puddle_PM.uexp" 627
"C:/Users/archi/Documents/Unreal Projects/ShaderTest/Content/Puzzle_Mechanics/Puddle/Puddle_Material.uasset" 628
"C:/Users/archi/Documents/Unreal Projects/ShaderTest/Content/Puzzle_Mechanics/Puddle/Puddle_Material.uexp" 629
"C:/Users/archi/Documents/Unreal Projects/ShaderTest/Content/Puzzle_Mechanics/Puddle/Puddle_Active_Material.uasset" 630
"C:/Users/archi/Documents/Unreal Projects/ShaderTest/Content/Puzzle_Mechanics/Puddle/Puddle_Active_Material.uexp" 631
"C:/Users/archi/Documents/Unreal Projects/ShaderTest/Content/FirstPersonBP/Blueprints/Knock_Interface.uasset" 632
"C:/Users/archi/Documents/Unreal Projects/ShaderTest/Content/FirstPersonBP/Blueprints/Knock_Interface.uexp" 633
"C:/Users/archi/Documents/Unreal Projects/ShaderTest/Content/Audio/Assets/FootstepsMix.uasset" 634
"C:/Users/archi/Documents/Unreal Projects/ShaderTest/Content/Audio/Assets/FootstepsMix.uexp" 635
"C:/Users/archi/Documents/Unreal Projects/ShaderTest/Content/Audio/Audio/PlayerSounds/Steps_Step_7.uasset" 636
"C:/Users/archi/Documents/Unreal Projects/ShaderTest/Content/Audio/Audio/PlayerSounds/Steps_Step_7.uexp" 637
"C:/Users/archi/Documents/Unreal Projects/ShaderTest/Content/Audio/Audio/PlayerSounds/Steps_Step_6.uasset" 638
"C:/Users/archi/Documents/Unreal Projects/ShaderTest/Content/Audio/Audio/PlayerSounds/Steps_Step_6.uexp" 639
"C:/Users/archi/Documents/Unreal Projects/ShaderTest/Content/Audio/Audio/PlayerSounds/Steps_Step_5.uasset" 640
"C:/Users/archi/Documents/Unreal Projects/ShaderTest/Content/Audio/Audio/PlayerSounds/Steps_Step_5.uexp" 641
"C:/Users/archi/Documents/Unreal Projects/ShaderTest/Content/Audio/Audio/PlayerSounds/Steps_Step_4.uasset" 642
"C:/Users/archi/Documents/Unreal Projects/ShaderTest/Content/Audio/Audio/PlayerSounds/Steps_Step_4.uexp" 643
"C:/Users/archi/Documents/Unreal Projects/ShaderTest/Content/Audio/Audio/PlayerSounds/Steps_Step_3.uasset" 644
"C:/Users/archi/Documents/Unreal Projects/ShaderTest/Content/Audio/Audio/PlayerSounds/Steps_Step_3.uexp" 645
"C:/Users/archi/Documents/Unreal Projects/ShaderTest/Content/Audio/Audio/PlayerSounds/Steps_Step_1.uasset" 646
"C:/Users/archi/Documents/Unreal Projects/ShaderTest/Content/Audio/Audio/PlayerSounds/Steps_Step_1.uexp" 647
"C:/Users/archi/Documents/Unreal Projects/ShaderTest/Content/Audio/Audio/PlayerSounds/2Foot_steps.uasset" 648
"C:/Users/archi/Documents/Unreal Projects/ShaderTest/Content/Audio/Audio/PlayerSounds/2Foot_steps.uexp" 649
"C:/Users/archi/Documents/Unreal Projects/ShaderTest/Content/Audio/Audio/PlayerSounds/Jump_end1.uasset" 650
"C:/Users/archi/Documents/Unreal Projects/ShaderTest/Content/Audio/Audio/PlayerSounds/Jump_end1.uexp" 651
"C:/Users/archi/Documents/Unreal Projects/ShaderTest/Content/Audio/Audio/PlayerSounds/1Floor_impact.uasset" 652
"C:/Users/archi/Documents/Unreal Projects/ShaderTest/Content/Audio/Audio/PlayerSounds/1Floor_impact.uexp" 653
"C:/Users/archi/Documents/Unreal Projects/ShaderTest/Content/StarterContent/Props/MaterialSphere.uasset" 654
"C:/Users/archi/Documents/Unreal Projects/ShaderTest/Content/StarterContent/Props/MaterialSphere.uexp" 655
"C:/Users/archi/Documents/Unreal Projects/ShaderTest/Content/Main_Functionality/UI/Pause_Screen.uasset" 656
"C:/Users/archi/Documents/Unreal Projects/ShaderTest/Content/Main_Functionality/UI/Pause_Screen.uexp" 657
"C:/Users/archi/Documents/Unreal Projects/ShaderTest/Content/Main_Functionality/UI/vignette.uasset" 658
"C:/Users/archi/Documents/Unreal Projects/ShaderTest/Content/Main_Functionality/UI/vignette.uexp" 659
"C:/Users/archi/Documents/Unreal Projects/ShaderTest/Content/Main_Functionality/UI/Health_Screen.uasset" 660
"C:/Users/archi/Documents/Unreal Projects/ShaderTest/Content/Main_Functionality/UI/Health_Screen.uexp" 661
"C:/Users/archi/Documents/Unreal Projects/ShaderTest/Content/Audio/Audio/PlayerSounds/New_Wet_Foot_steps_Wet_step_Two.uasset" 662
"C:/Users/archi/Documents/Unreal Projects/ShaderTest/Content/Audio/Audio/PlayerSounds/New_Wet_Foot_steps_Wet_step_Two.uexp" 663
"C:/Users/archi/Documents/Unreal Projects/ShaderTest/Content/Audio/Audio/PlayerSounds/New_Wet_Foot_steps_Wet_step_Three.uasset" 664
"C:/Users/archi/Documents/Unreal Projects/ShaderTest/Content/Audio/Audio/PlayerSounds/New_Wet_Foot_steps_Wet_step_Three.uexp" 665
"C:/Users/archi/Documents/Unreal Projects/ShaderTest/Content/Audio/Audio/PlayerSounds/New_Wet_Foot_steps_Wet_step_one.uasset" 666
"C:/Users/archi/Documents/Unreal Projects/ShaderTest/Content/Audio/Audio/PlayerSounds/New_Wet_Foot_steps_Wet_step_one.uexp" 667
"C:/Users/archi/Documents/Unreal Projects/ShaderTest/Content/Audio/Audio/PlayerSounds/5Wet_Footstep.uasset" 668
"C:/Users/archi/Documents/Unreal Projects/ShaderTest/Content/Audio/Audio/PlayerSounds/5Wet_Footstep.uexp" 669
"C:/Users/archi/Documents/Unreal Projects/ShaderTest/Content/Audio/Audio/ObjectSounds/OilDrum_Hit.uasset" 670
"C:/Users/archi/Documents/Unreal Projects/ShaderTest/Content/Audio/Audio/ObjectSounds/OilDrum_Hit.uexp" 671
"C:/Users/archi/Documents/Unreal Projects/ShaderTest/Content/Audio/Audio/ObjectSounds/OilDrum_HardHit.uasset" 672
"C:/Users/archi/Documents/Unreal Projects/ShaderTest/Content/Audio/Audio/ObjectSounds/OilDrum_HardHit.uexp" 673
"C:/Users/archi/Documents/Unreal Projects/ShaderTest/Content/Audio/Audio/ObjectSounds/4OilDrum_hit.uasset" 674
"C:/Users/archi/Documents/Unreal Projects/ShaderTest/Content/Audio/Audio/ObjectSounds/4OilDrum_hit.uexp" 675
"C:/Users/archi/Documents/Unreal Projects/ShaderTest/Content/Main_Functionality/Audio/dynamicObject.uasset" 676
"C:/Users/archi/Documents/Unreal Projects/ShaderTest/Content/Main_Functionality/Audio/dynamicObject.uexp" 677
"C:/Users/archi/Documents/Unreal Projects/ShaderTest/Content/FirstPersonBP/Blueprints/Interaction_Interface.uasset" 678
"C:/Users/archi/Documents/Unreal Projects/ShaderTest/Content/FirstPersonBP/Blueprints/Interaction_Interface.uexp" 679
"C:/Users/archi/Documents/Unreal Projects/ShaderTest/Content/FirstPersonBP/Blueprints/damage_handling.uasset" 680
"C:/Users/archi/Documents/Unreal Projects/ShaderTest/Content/FirstPersonBP/Blueprints/damage_handling.uexp" 681
"C:/Users/archi/Documents/Unreal Projects/ShaderTest/Content/Echo_Management_BPS/Held_Item_Wave.uasset" 682
"C:/Users/archi/Documents/Unreal Projects/ShaderTest/Content/Echo_Management_BPS/Held_Item_Wave.uexp" 683
"C:/Users/archi/Documents/Unreal Projects/ShaderTest/Content/Audio/Audio/Raw_Sounds/Pain_Sounds/pain_3.uasset" 684
"C:/Users/archi/Documents/Unreal Projects/ShaderTest/Content/Audio/Audio/Raw_Sounds/Pain_Sounds/pain_3.uexp" 685
"C:/Users/archi/Documents/Unreal Projects/ShaderTest/Content/Audio/Audio/Raw_Sounds/Pain_Sounds/pain_2.uasset" 686
"C:/Users/archi/Documents/Unreal Projects/ShaderTest/Content/Audio/Audio/Raw_Sounds/Pain_Sounds/pain_2.uexp" 687
"C:/Users/archi/Documents/Unreal Projects/ShaderTest/Content/Audio/Audio/Raw_Sounds/Pain_Sounds/pain_1.uasset" 688
"C:/Users/archi/Documents/Unreal Projects/ShaderTest/Content/Audio/Audio/Raw_Sounds/Pain_Sounds/pain_1.uexp" 689
"C:/Users/archi/Documents/Unreal Projects/ShaderTest/Content/Audio/Audio/Raw_Sounds/Pain_Sounds/recieve_pain_cue.uasset" 690
"C:/Users/archi/Documents/Unreal Projects/ShaderTest/Content/Audio/Audio/Raw_Sounds/Pain_Sounds/recieve_pain_cue.uexp" 691
"C:/Users/archi/Documents/Unreal Projects/ShaderTest/Content/FirstPersonBP/Blueprints/FirstPersonCharacter.uasset" 692
"C:/Users/archi/Documents/Unreal Projects/ShaderTest/Content/FirstPersonBP/Blueprints/FirstPersonCharacter.uexp" 693
"C:/Users/archi/Documents/Unreal Projects/ShaderTest/Content/Puzzle_Mechanics/Puddle/Puddle.uasset" 694
"C:/Users/archi/Documents/Unreal Projects/ShaderTest/Content/Puzzle_Mechanics/Puddle/Puddle.uexp" 695
"C:/Users/archi/Documents/Unreal Projects/ShaderTest/Content/Puzzle_Mechanics/Puddle/Puddle_Manager.uasset" 696
"C:/Users/archi/Documents/Unreal Projects/ShaderTest/Content/Puzzle_Mechanics/Puddle/Puddle_Manager.uexp" 697
"C:/Users/archi/Documents/Unreal Projects/ShaderTest/Content/Art/plug1.uasset" 698
"C:/Users/archi/Documents/Unreal Projects/ShaderTest/Content/Art/plug1.uexp" 699
"C:/Users/archi/Documents/Unreal Projects/ShaderTest/Content/Puzzle_Mechanics/Plugs/Plug.uasset" 700
"C:/Users/archi/Documents/Unreal Projects/ShaderTest/Content/Puzzle_Mechanics/Plugs/Plug.uexp" 701
"C:/Users/archi/Documents/Unreal Projects/ShaderTest/Content/Art/outlet1.uasset" 702
"C:/Users/archi/Documents/Unreal Projects/ShaderTest/Content/Art/outlet1.uexp" 703
"C:/Users/archi/Documents/Unreal Projects/ShaderTest/Content/Puzzle_Mechanics/Plugs/Outlet.uasset" 704
"C:/Users/archi/Documents/Unreal Projects/ShaderTest/Content/Puzzle_Mechanics/Plugs/Outlet.uexp" 705
"C:/Users/archi/Documents/Unreal Projects/ShaderTest/Content/Puzzle_Mechanics/Plugs/Outlet_Manager.uasset" 706
"C:/Users/archi/Documents/Unreal Projects/ShaderTest/Content/Puzzle_Mechanics/Plugs/Outlet_Manager.uexp" 707
"C:/Users/archi/Documents/Unreal Projects/ShaderTest/Content/Art/elevator_Triangle.uasset" 708
"C:/Users/archi/Documents/Unreal Projects/ShaderTest/Content/Art/elevator_Triangle.uexp" 709
"C:/Users/archi/Documents/Unreal Projects/ShaderTest/Content/Puzzle_Mechanics/Plugs/elevator_B_UP.uasset" 710
"C:/Users/archi/Documents/Unreal Projects/ShaderTest/Content/Puzzle_Mechanics/Plugs/elevator_B_UP.uexp" 711
"C:/Users/archi/Documents/Unreal Projects/ShaderTest/Content/Art/elevator_Triangle_001.uasset" 712
"C:/Users/archi/Documents/Unreal Projects/ShaderTest/Content/Art/elevator_Triangle_001.uexp" 713
"C:/Users/archi/Documents/Unreal Projects/ShaderTest/Content/Puzzle_Mechanics/Plugs/elevator_B_DOWN.uasset" 714
"C:/Users/archi/Documents/Unreal Projects/ShaderTest/Content/Puzzle_Mechanics/Plugs/elevator_B_DOWN.uexp" 715
"C:/Users/archi/Documents/Unreal Projects/ShaderTest/Content/Audio/Audio/Raw_Sounds/Wood_Knock/Raw_Sounds_Deep_Wood_Knock.uasset" 716
"C:/Users/archi/Documents/Unreal Projects/ShaderTest/Content/Audio/Audio/Raw_Sounds/Wood_Knock/Raw_Sounds_Deep_Wood_Knock.uexp" 717
"C:/Users/archi/Documents/Unreal Projects/ShaderTest/Content/Audio/Audio/Raw_Sounds/Metal_Objects/Metal_crashes_Space.uasset" 718
"C:/Users/archi/Documents/Unreal Projects/ShaderTest/Content/Audio/Audio/Raw_Sounds/Metal_Objects/Metal_crashes_Space.uexp" 719
"C:/Users/archi/Documents/Unreal Projects/ShaderTest/Content/Puzzle_Mechanics/Lever_Shaft.uasset" 720
"C:/Users/archi/Documents/Unreal Projects/ShaderTest/Content/Puzzle_Mechanics/Lever_Shaft.uexp" 721
"C:/Users/archi/Documents/Unreal Projects/ShaderTest/Content/Audio/Audio/Raw_Sounds/Metal_Objects/Metal_crashes_4-Metal_Sword_Drop.uasset" 722
"C:/Users/archi/Documents/Unreal Projects/ShaderTest/Content/Audio/Audio/Raw_Sounds/Metal_Objects/Metal_crashes_4-Metal_Sword_Drop.uexp" 723
"C:/Users/archi/Documents/Unreal Projects/ShaderTest/Content/Audio/Audio/Raw_Sounds/Metal_Clicks/Metal_Clicks_Space-1.uasset" 724
"C:/Users/archi/Documents/Unreal Projects/ShaderTest/Content/Audio/Audio/Raw_Sounds/Metal_Clicks/Metal_Clicks_Space-1.uexp" 725
"C:/Users/archi/Documents/Unreal Projects/ShaderTest/Content/Audio/Audio/Raw_Sounds/Metal_Clangs/Raw_Sounds_Metal_Clang_Three.uasset" 726
"C:/Users/archi/Documents/Unreal Projects/ShaderTest/Content/Audio/Audio/Raw_Sounds/Metal_Clangs/Raw_Sounds_Metal_Clang_Three.uexp" 727
"C:/Users/archi/Documents/Unreal Projects/ShaderTest/Content/Audio/Audio/Raw_Sounds/Metal_Clicks/Lever_Cue.uasset" 728
"C:/Users/archi/Documents/Unreal Projects/ShaderTest/Content/Audio/Audio/Raw_Sounds/Metal_Clicks/Lever_Cue.uexp" 729
"C:/Users/archi/Documents/Unreal Projects/ShaderTest/Content/Audio/Audio/Raw_Sounds/Breaking_wood/Breaking_Wood_Space-1.uasset" 730
"C:/Users/archi/Documents/Unreal Projects/ShaderTest/Content/Audio/Audio/Raw_Sounds/Breaking_wood/Breaking_Wood_Space-1.uexp" 731
"C:/Users/archi/Documents/Unreal Projects/ShaderTest/Content/Puzzle_Mechanics/Lever_Base.uasset" 732
"C:/Users/archi/Documents/Unreal Projects/ShaderTest/Content/Puzzle_Mechanics/Lever_Base.uexp" 733
"C:/Users/archi/Documents/Unreal Projects/ShaderTest/Content/Art/Material.uasset" 734
"C:/Users/archi/Documents/Unreal Projects/ShaderTest/Content/Art/Material.uexp" 735
"C:/Users/archi/Documents/Unreal Projects/ShaderTest/Content/Art/generator.uasset" 736
"C:/Users/archi/Documents/Unreal Projects/ShaderTest/Content/Art/generator.uexp" 737
"C:/Users/archi/Documents/Unreal Projects/ShaderTest/Content/Construction_VOL2/Textures/Unique/TX_Canister_RMA.uasset" 738
"C:/Users/archi/Documents/Unreal Projects/ShaderTest/Content/Construction_VOL2/Textures/Unique/TX_Canister_RMA.uexp" 739
"C:/Users/archi/Documents/Unreal Projects/ShaderTest/Content/Construction_VOL2/Textures/Unique/TX_Canister_RMA.ubulk" 740
"C:/Users/archi/Documents/Unreal Projects/ShaderTest/Content/Construction_VOL2/Textures/Unique/TX_Canister_NRM.uasset" 741
"C:/Users/archi/Documents/Unreal Projects/ShaderTest/Content/Construction_VOL2/Textures/Unique/TX_Canister_NRM.uexp" 742
"C:/Users/archi/Documents/Unreal Projects/ShaderTest/Content/Construction_VOL2/Textures/Unique/TX_Canister_NRM.ubulk" 743
"C:/Users/archi/Documents/Unreal Projects/ShaderTest/Content/Construction_VOL2/Textures/Unique/TX_Canister_ALB.uasset" 744
"C:/Users/archi/Documents/Unreal Projects/ShaderTest/Content/Construction_VOL2/Textures/Unique/TX_Canister_ALB.uexp" 745
"C:/Users/archi/Documents/Unreal Projects/ShaderTest/Content/Construction_VOL2/Textures/Unique/TX_Canister_ALB.ubulk" 746
"C:/Users/archi/Documents/Unreal Projects/ShaderTest/Content/Construction_VOL2/Textures/Utility/TX_Fill_01_RMA.uasset" 747
"C:/Users/archi/Documents/Unreal Projects/ShaderTest/Content/Construction_VOL2/Textures/Utility/TX_Fill_01_RMA.uexp" 748
"C:/Users/archi/Documents/Unreal Projects/ShaderTest/Content/Construction_VOL2/Textures/Utility/TX_Fill_01_RMA.ubulk" 749
"C:/Users/archi/Documents/Unreal Projects/ShaderTest/Content/Construction_VOL2/Textures/Utility/TX_Fill_01_NRM.uasset" 750
"C:/Users/archi/Documents/Unreal Projects/ShaderTest/Content/Construction_VOL2/Textures/Utility/TX_Fill_01_NRM.uexp" 751
"C:/Users/archi/Documents/Unreal Projects/ShaderTest/Content/Construction_VOL2/Textures/Utility/TX_Fill_01_NRM.ubulk" 752
"C:/Users/archi/Documents/Unreal Projects/ShaderTest/Content/Construction_VOL2/Textures/Utility/TX_Fill_01_ALB.uasset" 753
"C:/Users/archi/Documents/Unreal Projects/ShaderTest/Content/Construction_VOL2/Textures/Utility/TX_Fill_01_ALB.uexp" 754
"C:/Users/archi/Documents/Unreal Projects/ShaderTest/Content/Construction_VOL2/Textures/Utility/TX_Fill_01_ALB.ubulk" 755
"../../../Engine/Content/Functions/Engine_MaterialFunctions01/Texturing/FlattenNormal.uasset" 756
"../../../Engine/Content/Functions/Engine_MaterialFunctions01/Texturing/FlattenNormal.uexp" 757
"C:/Users/archi/Documents/Unreal Projects/ShaderTest/Content/Construction_VOL2/Textures/Tileable/TX_Noise_NRM.uasset" 758
"C:/Users/archi/Documents/Unreal Projects/ShaderTest/Content/Construction_VOL2/Textures/Tileable/TX_Noise_NRM.uexp" 759
"C:/Users/archi/Documents/Unreal Projects/ShaderTest/Content/Construction_VOL2/Textures/Tileable/TX_Noise_NRM.ubulk" 760
"C:/Users/archi/Documents/Unreal Projects/ShaderTest/Content/Construction_VOL2/Textures/Tileable/TX_Micro_MASK.uasset" 761
"C:/Users/archi/Documents/Unreal Projects/ShaderTest/Content/Construction_VOL2/Textures/Tileable/TX_Micro_MASK.uexp" 762
"C:/Users/archi/Documents/Unreal Projects/ShaderTest/Content/Construction_VOL2/Textures/Tileable/TX_Micro_MASK.ubulk" 763
"C:/Users/archi/Documents/Unreal Projects/ShaderTest/Content/Construction_VOL2/Materials/Functions/MF_MicroDetail_01a.uasset" 764
"C:/Users/archi/Documents/Unreal Projects/ShaderTest/Content/Construction_VOL2/Materials/Functions/MF_MicroDetail_01a.uexp" 765
"../../../Engine/Content/EngineMaterials/BlendFunc_DefBlend.uasset" 766
"../../../Engine/Content/EngineMaterials/BlendFunc_DefBlend.uexp" 767
"../../../Engine/Content/EngineMaterials/BlendFunc_DefBase.uasset" 768
"../../../Engine/Content/EngineMaterials/BlendFunc_DefBase.uexp" 769
"../../../Engine/Content/Functions/Engine_MaterialFunctions03/Blends/Blend_Overlay.uasset" 770
"../../../Engine/Content/Functions/Engine_MaterialFunctions03/Blends/Blend_Overlay.uexp" 771
"../../../Engine/Content/Functions/Engine_MaterialFunctions02/Utility/BlendAngleCorrectedNormals.uasset" 772
"../../../Engine/Content/Functions/Engine_MaterialFunctions02/Utility/BlendAngleCorrectedNormals.uexp" 773
"C:/Users/archi/Documents/Unreal Projects/ShaderTest/Content/Construction_VOL2/Materials/Masters/MM_MasterMaterial_01.uasset" 774
"C:/Users/archi/Documents/Unreal Projects/ShaderTest/Content/Construction_VOL2/Materials/Masters/MM_MasterMaterial_01.uexp" 775
"C:/Users/archi/Documents/Unreal Projects/ShaderTest/Content/Construction_VOL2/Materials/Instances/MI_Canister_01a.uasset" 776
"C:/Users/archi/Documents/Unreal Projects/ShaderTest/Content/Construction_VOL2/Materials/Instances/MI_Canister_01a.uexp" 777
"C:/Users/archi/Documents/Unreal Projects/ShaderTest/Content/Construction_VOL2/Meshes/SM_Canister.uasset" 778
"C:/Users/archi/Documents/Unreal Projects/ShaderTest/Content/Construction_VOL2/Meshes/SM_Canister.uexp" 779
"C:/Users/archi/Documents/Unreal Projects/ShaderTest/Content/Puzzle_Mechanics/Generator/gas_can.uasset" 780
"C:/Users/archi/Documents/Unreal Projects/ShaderTest/Content/Puzzle_Mechanics/Generator/gas_can.uexp" 781
"C:/Users/archi/Documents/Unreal Projects/ShaderTest/Content/Audio/Audio/ObjectSounds/Generator_Generator_Quiet.uasset" 782
"C:/Users/archi/Documents/Unreal Projects/ShaderTest/Content/Audio/Audio/ObjectSounds/Generator_Generator_Quiet.uexp" 783
"C:/Users/archi/Documents/Unreal Projects/ShaderTest/Content/Puzzle_Mechanics/Generator/generator.uasset" 784
"C:/Users/archi/Documents/Unreal Projects/ShaderTest/Content/Puzzle_Mechanics/Generator/generator.uexp" 785
"C:/Users/archi/Documents/Unreal Projects/ShaderTest/Content/Individual_Folders/Mikey/Music/SoundWaves/1S_ShitWentDown.uasset" 786
"C:/Users/archi/Documents/Unreal Projects/ShaderTest/Content/Individual_Folders/Mikey/Music/SoundWaves/1S_ShitWentDown.uexp" 787
"C:/Users/archi/Documents/Unreal Projects/ShaderTest/Content/Individual_Folders/Mikey/Music/SoundWaves/1S_Intro.uasset" 788
"C:/Users/archi/Documents/Unreal Projects/ShaderTest/Content/Individual_Folders/Mikey/Music/SoundWaves/1S_Intro.uexp" 789
"C:/Users/archi/Documents/Unreal Projects/ShaderTest/Content/Individual_Folders/Mikey/Music/SoundWaves/1S_PointOfInterest.uasset" 790
"C:/Users/archi/Documents/Unreal Projects/ShaderTest/Content/Individual_Folders/Mikey/Music/SoundWaves/1S_PointOfInterest.uexp" 791
"C:/Users/archi/Documents/Unreal Projects/ShaderTest/Content/Individual_Folders/Mikey/Music/SoundWaves/1S_PointOfInterest2.uasset" 792
"C:/Users/archi/Documents/Unreal Projects/ShaderTest/Content/Individual_Folders/Mikey/Music/SoundWaves/1S_PointOfInterest2.uexp" 793
"C:/Users/archi/Documents/Unreal Projects/ShaderTest/Content/Individual_Folders/Mikey/Music/BP_MusicManager.uasset" 794
"C:/Users/archi/Documents/Unreal Projects/ShaderTest/Content/Individual_Folders/Mikey/Music/BP_MusicManager.uexp" 795
"C:/Users/archi/Documents/Unreal Projects/ShaderTest/Content/Individual_Folders/Mikey/Music/BP_MusicTrigger.uasset" 796
"C:/Users/archi/Documents/Unreal Projects/ShaderTest/Content/Individual_Folders/Mikey/Music/BP_MusicTrigger.uexp" 797
"../../../Engine/Content/EngineSky/SM_SkySphere.uasset" 798
"../../../Engine/Content/EngineSky/SM_SkySphere.uexp" 799
"../../../Engine/Content/EngineSky/C_Sky_Zenith_Color.uasset" 800
"../../../Engine/Content/EngineSky/C_Sky_Zenith_Color.uexp" 801
"../../../Engine/Content/EngineSky/C_Sky_Horizon_Color.uasset" 802
"../../../Engine/Content/EngineSky/C_Sky_Horizon_Color.uexp" 803
"../../../Engine/Content/EngineSky/C_Sky_Cloud_Color.uasset" 804
"../../../Engine/Content/EngineSky/C_Sky_Cloud_Color.uexp" 805
"../../../Engine/Content/EngineSky/BP_Sky_Sphere.uasset" 806
"../../../Engine/Content/EngineSky/BP_Sky_Sphere.uexp" 807
"C:/Users/archi/Documents/Unreal Projects/ShaderTest/Content/Puzzle_Mechanics/zone.uasset" 808
"C:/Users/archi/Documents/Unreal Projects/ShaderTest/Content/Puzzle_Mechanics/zone.uexp" 809
"C:/Users/archi/Documents/Unreal Projects/ShaderTest/Content/Main_Functionality/UI/HelpText.uasset" 810
"C:/Users/archi/Documents/Unreal Projects/ShaderTest/Content/Main_Functionality/UI/HelpText.uexp" 811
"C:/Users/archi/Documents/Unreal Projects/ShaderTest/Content/Main_Functionality/UI/HelpTextTrigger.uasset" 812
"C:/Users/archi/Documents/Unreal Projects/ShaderTest/Content/Main_Functionality/UI/HelpTextTrigger.uexp" 813
"C:/Users/archi/Documents/Unreal Projects/ShaderTest/Content/Geometry/Meshes/CubeMaterial.uasset" 814
"C:/Users/archi/Documents/Unreal Projects/ShaderTest/Content/Geometry/Meshes/CubeMaterial.uexp" 815
"C:/Users/archi/Documents/Unreal Projects/ShaderTest/Content/Geometry/Meshes/1M_Cube.uasset" 816
"C:/Users/archi/Documents/Unreal Projects/ShaderTest/Content/Geometry/Meshes/1M_Cube.uexp" 817
"C:/Users/archi/Documents/Unreal Projects/ShaderTest/Content/Main_Functionality/UI/Death_Screen.uasset" 818
"C:/Users/archi/Documents/Unreal Projects/ShaderTest/Content/Main_Functionality/UI/Death_Screen.uexp" 819
"C:/Users/archi/Documents/Unreal Projects/ShaderTest/Content/FirstPerson/Textures/image0001.uasset" 820
"C:/Users/archi/Documents/Unreal Projects/ShaderTest/Content/FirstPerson/Textures/image0001.uexp" 821
"C:/Users/archi/Documents/Unreal Projects/ShaderTest/Content/FirstPersonBP/Blueprints/FirstPersonHUD.uasset" 822
"C:/Users/archi/Documents/Unreal Projects/ShaderTest/Content/FirstPersonBP/Blueprints/FirstPersonHUD.uexp" 823
"C:/Users/archi/Documents/Unreal Projects/ShaderTest/Content/FirstPersonBP/Blueprints/FirstPersonGameMode.uasset" 824
"C:/Users/archi/Documents/Unreal Projects/ShaderTest/Content/FirstPersonBP/Blueprints/FirstPersonGameMode.uexp" 825
"C:/Users/archi/Documents/Unreal Projects/ShaderTest/Content/FirstPersonBP/Blueprints/Respawn_BP.uasset" 826
"C:/Users/archi/Documents/Unreal Projects/ShaderTest/Content/FirstPersonBP/Blueprints/Respawn_BP.uexp" 827
"C:/Users/archi/Documents/Unreal Projects/ShaderTest/Content/Construction_VOL2/Textures/Unique/TX_Plywood_01_RMA.uasset" 828
"C:/Users/archi/Documents/Unreal Projects/ShaderTest/Content/Construction_VOL2/Textures/Unique/TX_Plywood_01_RMA.uexp" 829
"C:/Users/archi/Documents/Unreal Projects/ShaderTest/Content/Construction_VOL2/Textures/Unique/TX_Plywood_01_RMA.ubulk" 830
"C:/Users/archi/Documents/Unreal Projects/ShaderTest/Content/Construction_VOL2/Textures/Unique/TX_Plywood_01_NRM.uasset" 831
"C:/Users/archi/Documents/Unreal Projects/ShaderTest/Content/Construction_VOL2/Textures/Unique/TX_Plywood_01_NRM.uexp" 832
"C:/Users/archi/Documents/Unreal Projects/ShaderTest/Content/Construction_VOL2/Textures/Unique/TX_Plywood_01_NRM.ubulk" 833
"C:/Users/archi/Documents/Unreal Projects/ShaderTest/Content/Construction_VOL2/Textures/Unique/TX_Plywood_01_ALB.uasset" 834
"C:/Users/archi/Documents/Unreal Projects/ShaderTest/Content/Construction_VOL2/Textures/Unique/TX_Plywood_01_ALB.uexp" 835
"C:/Users/archi/Documents/Unreal Projects/ShaderTest/Content/Construction_VOL2/Textures/Unique/TX_Plywood_01_ALB.ubulk" 836
"C:/Users/archi/Documents/Unreal Projects/ShaderTest/Content/Construction_VOL2/Materials/Instances/MI_PlywoodTable_01a.uasset" 837
"C:/Users/archi/Documents/Unreal Projects/ShaderTest/Content/Construction_VOL2/Materials/Instances/MI_PlywoodTable_01a.uexp" 838
"C:/Users/archi/Documents/Unreal Projects/ShaderTest/Content/Construction_VOL2/Meshes/SM_PlywoodTable_01a.uasset" 839
"C:/Users/archi/Documents/Unreal Projects/ShaderTest/Content/Construction_VOL2/Meshes/SM_PlywoodTable_01a.uexp" 840
"C:/Users/archi/Documents/Unreal Projects/ShaderTest/Content/Individual_Folders/Mikey/Audio/OutdoorsAttentuation.uasset" 841
"C:/Users/archi/Documents/Unreal Projects/ShaderTest/Content/Individual_Folders/Mikey/Audio/OutdoorsAttentuation.uexp" 842
"C:/Users/archi/Documents/Unreal Projects/ShaderTest/Content/Audio/Audio/BackgroundSounds/528661__taavhaap__relaxing-forest-birds-chirping-in-the-north-woods.uasset" 843
"C:/Users/archi/Documents/Unreal Projects/ShaderTest/Content/Audio/Audio/BackgroundSounds/528661__taavhaap__relaxing-forest-birds-chirping-in-the-north-woods.uexp" 844
"C:/Users/archi/Documents/Unreal Projects/ShaderTest/Content/Audio/Audio/BackgroundSounds/OutdoorAmbience.uasset" 845
"C:/Users/archi/Documents/Unreal Projects/ShaderTest/Content/Audio/Audio/BackgroundSounds/OutdoorAmbience.uexp" 846
"C:/Users/archi/Documents/Unreal Projects/ShaderTest/Content/Audio/Assets/BackgroundSounds.uasset" 847
"C:/Users/archi/Documents/Unreal Projects/ShaderTest/Content/Audio/Assets/BackgroundSounds.uexp" 848
"C:/Users/archi/Documents/Unreal Projects/ShaderTest/Content/Audio/Audio/BackgroundSounds/587197__derplayer__explosion-long-01-2.uasset" 849
"C:/Users/archi/Documents/Unreal Projects/ShaderTest/Content/Audio/Audio/BackgroundSounds/587197__derplayer__explosion-long-01-2.uexp" 850
"C:/Users/archi/Documents/Unreal Projects/ShaderTest/Content/Audio/Audio/BackgroundSounds/587195__derplayer__explosion-07.uasset" 851
"C:/Users/archi/Documents/Unreal Projects/ShaderTest/Content/Audio/Audio/BackgroundSounds/587195__derplayer__explosion-07.uexp" 852
"C:/Users/archi/Documents/Unreal Projects/ShaderTest/Content/Audio/Audio/BackgroundSounds/587174__derplayer__explosion-wide-edit.uasset" 853
"C:/Users/archi/Documents/Unreal Projects/ShaderTest/Content/Audio/Audio/BackgroundSounds/587174__derplayer__explosion-wide-edit.uexp" 854
"C:/Users/archi/Documents/Unreal Projects/ShaderTest/Content/Audio/Audio/BackgroundSounds/397370__jgrzinich__forest-gun-shots-and-gunfire-2.uasset" 855
"C:/Users/archi/Documents/Unreal Projects/ShaderTest/Content/Audio/Audio/BackgroundSounds/397370__jgrzinich__forest-gun-shots-and-gunfire-2.uexp" 856
"C:/Users/archi/Documents/Unreal Projects/ShaderTest/Content/Audio/Audio/BackgroundSounds/27362__genghis-attenborough__gunfire-at-kootwijk-2.uasset" 857
"C:/Users/archi/Documents/Unreal Projects/ShaderTest/Content/Audio/Audio/BackgroundSounds/27362__genghis-attenborough__gunfire-at-kootwijk-2.uexp" 858
"C:/Users/archi/Documents/Unreal Projects/ShaderTest/Content/Audio/Audio/BackgroundSounds/239137__qubodup__artillery-gunfire.uasset" 859
"C:/Users/archi/Documents/Unreal Projects/ShaderTest/Content/Audio/Audio/BackgroundSounds/239137__qubodup__artillery-gunfire.uexp" 860
"C:/Users/archi/Documents/Unreal Projects/ShaderTest/Content/Audio/Audio/BackgroundSounds/205588__qubodup__gunfire.uasset" 861
"C:/Users/archi/Documents/Unreal Projects/ShaderTest/Content/Audio/Audio/BackgroundSounds/205588__qubodup__gunfire.uexp" 862
"C:/Users/archi/Documents/Unreal Projects/ShaderTest/Content/Audio/Audio/BackgroundSounds/170478__cheeseheadburger__distant-ww2-gunfire-kent-2.uasset" 863
"C:/Users/archi/Documents/Unreal Projects/ShaderTest/Content/Audio/Audio/BackgroundSounds/170478__cheeseheadburger__distant-ww2-gunfire-kent-2.uexp" 864
"C:/Users/archi/Documents/Unreal Projects/ShaderTest/Content/Audio/Audio/BackgroundSounds/BackgroundSounds2.uasset" 865
"C:/Users/archi/Documents/Unreal Projects/ShaderTest/Content/Audio/Audio/BackgroundSounds/BackgroundSounds2.uexp" 866
"C:/Users/archi/Documents/Unreal Projects/ShaderTest/Content/Audio/Audio/BackgroundSounds/BackgroundSounds2_Blueprint.uasset" 867
"C:/Users/archi/Documents/Unreal Projects/ShaderTest/Content/Audio/Audio/BackgroundSounds/BackgroundSounds2_Blueprint.uexp" 868
"C:/Users/archi/Documents/Unreal Projects/ShaderTest/Content/Audio/Audio/BackgroundSounds/612644__sonically-sound__plane-flying-by.uasset" 869
"C:/Users/archi/Documents/Unreal Projects/ShaderTest/Content/Audio/Audio/BackgroundSounds/612644__sonically-sound__plane-flying-by.uexp" 870
"C:/Users/archi/Documents/Unreal Projects/ShaderTest/Content/Audio/Audio/BackgroundSounds/BackgroundSounds.uasset" 871
"C:/Users/archi/Documents/Unreal Projects/ShaderTest/Content/Audio/Audio/BackgroundSounds/BackgroundSounds.uexp" 872
"C:/Users/archi/Documents/Unreal Projects/ShaderTest/Content/Audio/Audio/Raw_Sounds/Breaking_wood/Breaking_Wood_Space.uasset" 873
"C:/Users/archi/Documents/Unreal Projects/ShaderTest/Content/Audio/Audio/Raw_Sounds/Breaking_wood/Breaking_Wood_Space.uexp" 874
"C:/Users/archi/Documents/Unreal Projects/ShaderTest/Content/Audio/Audio/ObjectSounds/garagedoor.uasset" 875
"C:/Users/archi/Documents/Unreal Projects/ShaderTest/Content/Audio/Audio/ObjectSounds/garagedoor.uexp" 876
"C:/Users/archi/Documents/Unreal Projects/ShaderTest/Content/Audio/Audio/ObjectSounds/garagedoor_Cue.uasset" 877
"C:/Users/archi/Documents/Unreal Projects/ShaderTest/Content/Audio/Audio/ObjectSounds/garagedoor_Cue.uexp" 878
"C:/Users/archi/Documents/Unreal Projects/ShaderTest/Content/Audio/Audio/ObjectSounds/garagedoorstop.uasset" 879
"C:/Users/archi/Documents/Unreal Projects/ShaderTest/Content/Audio/Audio/ObjectSounds/garagedoorstop.uexp" 880
"C:/Users/archi/Documents/Unreal Projects/ShaderTest/Content/Individual_Folders/MainImplementation/main_level.uexp" 881
"C:/Users/archi/Documents/Unreal Projects/ShaderTest/Content/Individual_Folders/MainImplementation/main_level.umap" 882
"../../../Engine/Content/Maps/Entry_BuiltData.uasset" 883
"../../../Engine/Content/Maps/Entry_BuiltData.uexp" 884
"../../../Engine/Content/Maps/Entry.uexp" 885
"../../../Engine/Content/Maps/Entry.umap" 886
